/!\ FAILSAFE /!\  Mon Mar 23 14:52:01 +0530 2009
  Status: 500 Internal Server Error
  Unknown database 'akhanda_development'
    c:/ruby/lib/ruby/gems/1.8/gems/activerecord-2.3.0/lib/active_record/connection_adapters/mysql_adapter.rb:576:in `real_connect'
    c:/ruby/lib/ruby/gems/1.8/gems/activerecord-2.3.0/lib/active_record/connection_adapters/mysql_adapter.rb:576:in `connect'
    c:/ruby/lib/ruby/gems/1.8/gems/activerecord-2.3.0/lib/active_record/connection_adapters/mysql_adapter.rb:204:in `initialize'
    c:/ruby/lib/ruby/gems/1.8/gems/activerecord-2.3.0/lib/active_record/connection_adapters/mysql_adapter.rb:76:in `new'
    c:/ruby/lib/ruby/gems/1.8/gems/activerecord-2.3.0/lib/active_record/connection_adapters/mysql_adapter.rb:76:in `mysql_connection'
    c:/ruby/lib/ruby/gems/1.8/gems/activerecord-2.3.0/lib/active_record/connection_adapters/abstract/connection_pool.rb:223:in `send'
    c:/ruby/lib/ruby/gems/1.8/gems/activerecord-2.3.0/lib/active_record/connection_adapters/abstract/connection_pool.rb:223:in `new_connection'
    c:/ruby/lib/ruby/gems/1.8/gems/activerecord-2.3.0/lib/active_record/connection_adapters/abstract/connection_pool.rb:245:in `checkout_new_connection'
    c:/ruby/lib/ruby/gems/1.8/gems/activerecord-2.3.0/lib/active_record/connection_adapters/abstract/connection_pool.rb:188:in `checkout'
    c:/ruby/lib/ruby/gems/1.8/gems/activerecord-2.3.0/lib/active_record/connection_adapters/abstract/connection_pool.rb:184:in `loop'
    c:/ruby/lib/ruby/gems/1.8/gems/activerecord-2.3.0/lib/active_record/connection_adapters/abstract/connection_pool.rb:184:in `checkout'
    c:/ruby/lib/ruby/1.8/monitor.rb:242:in `synchronize'
    c:/ruby/lib/ruby/gems/1.8/gems/activerecord-2.3.0/lib/active_record/connection_adapters/abstract/connection_pool.rb:183:in `checkout'
    c:/ruby/lib/ruby/gems/1.8/gems/activerecord-2.3.0/lib/active_record/connection_adapters/abstract/connection_pool.rb:98:in `connection'
    c:/ruby/lib/ruby/gems/1.8/gems/activerecord-2.3.0/lib/active_record/connection_adapters/abstract/connection_pool.rb:326:in `retrieve_connection'
    c:/ruby/lib/ruby/gems/1.8/gems/activerecord-2.3.0/lib/active_record/connection_adapters/abstract/connection_specification.rb:123:in `retrieve_connection'
    c:/ruby/lib/ruby/gems/1.8/gems/activerecord-2.3.0/lib/active_record/connection_adapters/abstract/connection_specification.rb:115:in `connection'
    c:/ruby/lib/ruby/gems/1.8/gems/activerecord-2.3.0/lib/active_record/query_cache.rb:9:in `cache'
    c:/ruby/lib/ruby/gems/1.8/gems/activerecord-2.3.0/lib/active_record/query_cache.rb:28:in `call'
    c:/ruby/lib/ruby/gems/1.8/gems/rack-0.9.1/lib/rack/head.rb:9:in `call'
    c:/ruby/lib/ruby/gems/1.8/gems/rack-0.9.1/lib/rack/methodoverride.rb:24:in `call'
    c:/ruby/lib/ruby/gems/1.8/gems/actionpack-2.3.0/lib/action_controller/params_parser.rb:15:in `call'
    c:/ruby/lib/ruby/gems/1.8/gems/actionpack-2.3.0/lib/action_controller/rewindable_input.rb:25:in `call'
    c:/ruby/lib/ruby/gems/1.8/gems/actionpack-2.3.0/lib/action_controller/session/cookie_store.rb:93:in `call'
    c:/ruby/lib/ruby/gems/1.8/gems/actionpack-2.3.0/lib/action_controller/failsafe.rb:11:in `call'
    c:/ruby/lib/ruby/gems/1.8/gems/actionpack-2.3.0/lib/action_controller/rack_ext/lock.rb:15:in `call'
    c:/ruby/lib/ruby/gems/1.8/gems/actionpack-2.3.0/lib/action_controller/rack_ext/lock.rb:15:in `synchronize'
    c:/ruby/lib/ruby/gems/1.8/gems/actionpack-2.3.0/lib/action_controller/rack_ext/lock.rb:15:in `call'
    c:/ruby/lib/ruby/gems/1.8/gems/actionpack-2.3.0/lib/action_controller/dispatcher.rb:83:in `call'
    c:/ruby/lib/ruby/gems/1.8/gems/rails-2.3.0/lib/rails/rack/static.rb:27:in `call'
    c:/ruby/lib/ruby/gems/1.8/gems/rails-2.3.0/lib/rails/rack/log_tailer.rb:17:in `call'
    c:/ruby/lib/ruby/gems/1.8/gems/rack-0.9.1/lib/rack/handler/mongrel.rb:59:in `process'
    c:/ruby/lib/ruby/gems/1.8/gems/mongrel-1.1.5-x86-mswin32-60/lib/mongrel.rb:159:in `process_client'
    c:/ruby/lib/ruby/gems/1.8/gems/mongrel-1.1.5-x86-mswin32-60/lib/mongrel.rb:158:in `each'
    c:/ruby/lib/ruby/gems/1.8/gems/mongrel-1.1.5-x86-mswin32-60/lib/mongrel.rb:158:in `process_client'
    c:/ruby/lib/ruby/gems/1.8/gems/mongrel-1.1.5-x86-mswin32-60/lib/mongrel.rb:285:in `run'
    c:/ruby/lib/ruby/gems/1.8/gems/mongrel-1.1.5-x86-mswin32-60/lib/mongrel.rb:285:in `initialize'
    c:/ruby/lib/ruby/gems/1.8/gems/mongrel-1.1.5-x86-mswin32-60/lib/mongrel.rb:285:in `new'
    c:/ruby/lib/ruby/gems/1.8/gems/mongrel-1.1.5-x86-mswin32-60/lib/mongrel.rb:285:in `run'
    c:/ruby/lib/ruby/gems/1.8/gems/mongrel-1.1.5-x86-mswin32-60/lib/mongrel.rb:268:in `initialize'
    c:/ruby/lib/ruby/gems/1.8/gems/mongrel-1.1.5-x86-mswin32-60/lib/mongrel.rb:268:in `new'
    c:/ruby/lib/ruby/gems/1.8/gems/mongrel-1.1.5-x86-mswin32-60/lib/mongrel.rb:268:in `run'
    c:/ruby/lib/ruby/gems/1.8/gems/rack-0.9.1/lib/rack/handler/mongrel.rb:32:in `run'
    c:/ruby/lib/ruby/gems/1.8/gems/rails-2.3.0/lib/commands/server.rb:100
    c:/ruby/lib/ruby/site_ruby/1.8/rubygems/custom_require.rb:31:in `gem_original_require'
    c:/ruby/lib/ruby/site_ruby/1.8/rubygems/custom_require.rb:31:in `require'
    script/server:3
/!\ FAILSAFE /!\  Mon Mar 23 14:53:29 +0530 2009
  Status: 500 Internal Server Error
  Unknown database 'akhanda_development'
    c:/ruby/lib/ruby/gems/1.8/gems/activerecord-2.3.0/lib/active_record/connection_adapters/mysql_adapter.rb:576:in `real_connect'
    c:/ruby/lib/ruby/gems/1.8/gems/activerecord-2.3.0/lib/active_record/connection_adapters/mysql_adapter.rb:576:in `connect'
    c:/ruby/lib/ruby/gems/1.8/gems/activerecord-2.3.0/lib/active_record/connection_adapters/mysql_adapter.rb:204:in `initialize'
    c:/ruby/lib/ruby/gems/1.8/gems/activerecord-2.3.0/lib/active_record/connection_adapters/mysql_adapter.rb:76:in `new'
    c:/ruby/lib/ruby/gems/1.8/gems/activerecord-2.3.0/lib/active_record/connection_adapters/mysql_adapter.rb:76:in `mysql_connection'
    c:/ruby/lib/ruby/gems/1.8/gems/activerecord-2.3.0/lib/active_record/connection_adapters/abstract/connection_pool.rb:223:in `send'
    c:/ruby/lib/ruby/gems/1.8/gems/activerecord-2.3.0/lib/active_record/connection_adapters/abstract/connection_pool.rb:223:in `new_connection'
    c:/ruby/lib/ruby/gems/1.8/gems/activerecord-2.3.0/lib/active_record/connection_adapters/abstract/connection_pool.rb:245:in `checkout_new_connection'
    c:/ruby/lib/ruby/gems/1.8/gems/activerecord-2.3.0/lib/active_record/connection_adapters/abstract/connection_pool.rb:188:in `checkout'
    c:/ruby/lib/ruby/gems/1.8/gems/activerecord-2.3.0/lib/active_record/connection_adapters/abstract/connection_pool.rb:184:in `loop'
    c:/ruby/lib/ruby/gems/1.8/gems/activerecord-2.3.0/lib/active_record/connection_adapters/abstract/connection_pool.rb:184:in `checkout'
    c:/ruby/lib/ruby/1.8/monitor.rb:242:in `synchronize'
    c:/ruby/lib/ruby/gems/1.8/gems/activerecord-2.3.0/lib/active_record/connection_adapters/abstract/connection_pool.rb:183:in `checkout'
    c:/ruby/lib/ruby/gems/1.8/gems/activerecord-2.3.0/lib/active_record/connection_adapters/abstract/connection_pool.rb:98:in `connection'
    c:/ruby/lib/ruby/gems/1.8/gems/activerecord-2.3.0/lib/active_record/connection_adapters/abstract/connection_pool.rb:326:in `retrieve_connection'
    c:/ruby/lib/ruby/gems/1.8/gems/activerecord-2.3.0/lib/active_record/connection_adapters/abstract/connection_specification.rb:123:in `retrieve_connection'
    c:/ruby/lib/ruby/gems/1.8/gems/activerecord-2.3.0/lib/active_record/connection_adapters/abstract/connection_specification.rb:115:in `connection'
    c:/ruby/lib/ruby/gems/1.8/gems/activerecord-2.3.0/lib/active_record/query_cache.rb:9:in `cache'
    c:/ruby/lib/ruby/gems/1.8/gems/activerecord-2.3.0/lib/active_record/query_cache.rb:28:in `call'
    c:/ruby/lib/ruby/gems/1.8/gems/rack-0.9.1/lib/rack/head.rb:9:in `call'
    c:/ruby/lib/ruby/gems/1.8/gems/rack-0.9.1/lib/rack/methodoverride.rb:24:in `call'
    c:/ruby/lib/ruby/gems/1.8/gems/actionpack-2.3.0/lib/action_controller/params_parser.rb:15:in `call'
    c:/ruby/lib/ruby/gems/1.8/gems/actionpack-2.3.0/lib/action_controller/rewindable_input.rb:25:in `call'
    c:/ruby/lib/ruby/gems/1.8/gems/actionpack-2.3.0/lib/action_controller/session/cookie_store.rb:93:in `call'
    c:/ruby/lib/ruby/gems/1.8/gems/actionpack-2.3.0/lib/action_controller/failsafe.rb:11:in `call'
    c:/ruby/lib/ruby/gems/1.8/gems/actionpack-2.3.0/lib/action_controller/rack_ext/lock.rb:15:in `call'
    c:/ruby/lib/ruby/gems/1.8/gems/actionpack-2.3.0/lib/action_controller/rack_ext/lock.rb:15:in `synchronize'
    c:/ruby/lib/ruby/gems/1.8/gems/actionpack-2.3.0/lib/action_controller/rack_ext/lock.rb:15:in `call'
    c:/ruby/lib/ruby/gems/1.8/gems/actionpack-2.3.0/lib/action_controller/dispatcher.rb:83:in `call'
    c:/ruby/lib/ruby/gems/1.8/gems/rails-2.3.0/lib/rails/rack/static.rb:27:in `call'
    c:/ruby/lib/ruby/gems/1.8/gems/rails-2.3.0/lib/rails/rack/log_tailer.rb:17:in `call'
    c:/ruby/lib/ruby/gems/1.8/gems/rack-0.9.1/lib/rack/handler/mongrel.rb:59:in `process'
    c:/ruby/lib/ruby/gems/1.8/gems/mongrel-1.1.5-x86-mswin32-60/lib/mongrel.rb:159:in `process_client'
    c:/ruby/lib/ruby/gems/1.8/gems/mongrel-1.1.5-x86-mswin32-60/lib/mongrel.rb:158:in `each'
    c:/ruby/lib/ruby/gems/1.8/gems/mongrel-1.1.5-x86-mswin32-60/lib/mongrel.rb:158:in `process_client'
    c:/ruby/lib/ruby/gems/1.8/gems/mongrel-1.1.5-x86-mswin32-60/lib/mongrel.rb:285:in `run'
    c:/ruby/lib/ruby/gems/1.8/gems/mongrel-1.1.5-x86-mswin32-60/lib/mongrel.rb:285:in `initialize'
    c:/ruby/lib/ruby/gems/1.8/gems/mongrel-1.1.5-x86-mswin32-60/lib/mongrel.rb:285:in `new'
    c:/ruby/lib/ruby/gems/1.8/gems/mongrel-1.1.5-x86-mswin32-60/lib/mongrel.rb:285:in `run'
    c:/ruby/lib/ruby/gems/1.8/gems/mongrel-1.1.5-x86-mswin32-60/lib/mongrel.rb:268:in `initialize'
    c:/ruby/lib/ruby/gems/1.8/gems/mongrel-1.1.5-x86-mswin32-60/lib/mongrel.rb:268:in `new'
    c:/ruby/lib/ruby/gems/1.8/gems/mongrel-1.1.5-x86-mswin32-60/lib/mongrel.rb:268:in `run'
    c:/ruby/lib/ruby/gems/1.8/gems/rack-0.9.1/lib/rack/handler/mongrel.rb:32:in `run'
    c:/ruby/lib/ruby/gems/1.8/gems/rails-2.3.0/lib/commands/server.rb:100
    c:/ruby/lib/ruby/site_ruby/1.8/rubygems/custom_require.rb:31:in `gem_original_require'
    c:/ruby/lib/ruby/site_ruby/1.8/rubygems/custom_require.rb:31:in `require'
    script/server:3
/!\ FAILSAFE /!\  Mon Mar 23 14:53:38 +0530 2009
  Status: 500 Internal Server Error
  Unknown database 'akhanda_development'
    c:/ruby/lib/ruby/gems/1.8/gems/activerecord-2.3.0/lib/active_record/connection_adapters/mysql_adapter.rb:576:in `real_connect'
    c:/ruby/lib/ruby/gems/1.8/gems/activerecord-2.3.0/lib/active_record/connection_adapters/mysql_adapter.rb:576:in `connect'
    c:/ruby/lib/ruby/gems/1.8/gems/activerecord-2.3.0/lib/active_record/connection_adapters/mysql_adapter.rb:204:in `initialize'
    c:/ruby/lib/ruby/gems/1.8/gems/activerecord-2.3.0/lib/active_record/connection_adapters/mysql_adapter.rb:76:in `new'
    c:/ruby/lib/ruby/gems/1.8/gems/activerecord-2.3.0/lib/active_record/connection_adapters/mysql_adapter.rb:76:in `mysql_connection'
    c:/ruby/lib/ruby/gems/1.8/gems/activerecord-2.3.0/lib/active_record/connection_adapters/abstract/connection_pool.rb:223:in `send'
    c:/ruby/lib/ruby/gems/1.8/gems/activerecord-2.3.0/lib/active_record/connection_adapters/abstract/connection_pool.rb:223:in `new_connection'
    c:/ruby/lib/ruby/gems/1.8/gems/activerecord-2.3.0/lib/active_record/connection_adapters/abstract/connection_pool.rb:245:in `checkout_new_connection'
    c:/ruby/lib/ruby/gems/1.8/gems/activerecord-2.3.0/lib/active_record/connection_adapters/abstract/connection_pool.rb:188:in `checkout'
    c:/ruby/lib/ruby/gems/1.8/gems/activerecord-2.3.0/lib/active_record/connection_adapters/abstract/connection_pool.rb:184:in `loop'
    c:/ruby/lib/ruby/gems/1.8/gems/activerecord-2.3.0/lib/active_record/connection_adapters/abstract/connection_pool.rb:184:in `checkout'
    c:/ruby/lib/ruby/1.8/monitor.rb:242:in `synchronize'
    c:/ruby/lib/ruby/gems/1.8/gems/activerecord-2.3.0/lib/active_record/connection_adapters/abstract/connection_pool.rb:183:in `checkout'
    c:/ruby/lib/ruby/gems/1.8/gems/activerecord-2.3.0/lib/active_record/connection_adapters/abstract/connection_pool.rb:98:in `connection'
    c:/ruby/lib/ruby/gems/1.8/gems/activerecord-2.3.0/lib/active_record/connection_adapters/abstract/connection_pool.rb:326:in `retrieve_connection'
    c:/ruby/lib/ruby/gems/1.8/gems/activerecord-2.3.0/lib/active_record/connection_adapters/abstract/connection_specification.rb:123:in `retrieve_connection'
    c:/ruby/lib/ruby/gems/1.8/gems/activerecord-2.3.0/lib/active_record/connection_adapters/abstract/connection_specification.rb:115:in `connection'
    c:/ruby/lib/ruby/gems/1.8/gems/activerecord-2.3.0/lib/active_record/query_cache.rb:9:in `cache'
    c:/ruby/lib/ruby/gems/1.8/gems/activerecord-2.3.0/lib/active_record/query_cache.rb:28:in `call'
    c:/ruby/lib/ruby/gems/1.8/gems/rack-0.9.1/lib/rack/head.rb:9:in `call'
    c:/ruby/lib/ruby/gems/1.8/gems/rack-0.9.1/lib/rack/methodoverride.rb:24:in `call'
    c:/ruby/lib/ruby/gems/1.8/gems/actionpack-2.3.0/lib/action_controller/params_parser.rb:15:in `call'
    c:/ruby/lib/ruby/gems/1.8/gems/actionpack-2.3.0/lib/action_controller/rewindable_input.rb:25:in `call'
    c:/ruby/lib/ruby/gems/1.8/gems/actionpack-2.3.0/lib/action_controller/session/cookie_store.rb:93:in `call'
    c:/ruby/lib/ruby/gems/1.8/gems/actionpack-2.3.0/lib/action_controller/failsafe.rb:11:in `call'
    c:/ruby/lib/ruby/gems/1.8/gems/actionpack-2.3.0/lib/action_controller/rack_ext/lock.rb:15:in `call'
    c:/ruby/lib/ruby/gems/1.8/gems/actionpack-2.3.0/lib/action_controller/rack_ext/lock.rb:15:in `synchronize'
    c:/ruby/lib/ruby/gems/1.8/gems/actionpack-2.3.0/lib/action_controller/rack_ext/lock.rb:15:in `call'
    c:/ruby/lib/ruby/gems/1.8/gems/actionpack-2.3.0/lib/action_controller/dispatcher.rb:83:in `call'
    c:/ruby/lib/ruby/gems/1.8/gems/rails-2.3.0/lib/rails/rack/static.rb:27:in `call'
    c:/ruby/lib/ruby/gems/1.8/gems/rails-2.3.0/lib/rails/rack/log_tailer.rb:17:in `call'
    c:/ruby/lib/ruby/gems/1.8/gems/rack-0.9.1/lib/rack/handler/mongrel.rb:59:in `process'
    c:/ruby/lib/ruby/gems/1.8/gems/mongrel-1.1.5-x86-mswin32-60/lib/mongrel.rb:159:in `process_client'
    c:/ruby/lib/ruby/gems/1.8/gems/mongrel-1.1.5-x86-mswin32-60/lib/mongrel.rb:158:in `each'
    c:/ruby/lib/ruby/gems/1.8/gems/mongrel-1.1.5-x86-mswin32-60/lib/mongrel.rb:158:in `process_client'
    c:/ruby/lib/ruby/gems/1.8/gems/mongrel-1.1.5-x86-mswin32-60/lib/mongrel.rb:285:in `run'
    c:/ruby/lib/ruby/gems/1.8/gems/mongrel-1.1.5-x86-mswin32-60/lib/mongrel.rb:285:in `initialize'
    c:/ruby/lib/ruby/gems/1.8/gems/mongrel-1.1.5-x86-mswin32-60/lib/mongrel.rb:285:in `new'
    c:/ruby/lib/ruby/gems/1.8/gems/mongrel-1.1.5-x86-mswin32-60/lib/mongrel.rb:285:in `run'
    c:/ruby/lib/ruby/gems/1.8/gems/mongrel-1.1.5-x86-mswin32-60/lib/mongrel.rb:268:in `initialize'
    c:/ruby/lib/ruby/gems/1.8/gems/mongrel-1.1.5-x86-mswin32-60/lib/mongrel.rb:268:in `new'
    c:/ruby/lib/ruby/gems/1.8/gems/mongrel-1.1.5-x86-mswin32-60/lib/mongrel.rb:268:in `run'
    c:/ruby/lib/ruby/gems/1.8/gems/rack-0.9.1/lib/rack/handler/mongrel.rb:32:in `run'
    c:/ruby/lib/ruby/gems/1.8/gems/rails-2.3.0/lib/commands/server.rb:100
    c:/ruby/lib/ruby/site_ruby/1.8/rubygems/custom_require.rb:31:in `gem_original_require'
    c:/ruby/lib/ruby/site_ruby/1.8/rubygems/custom_require.rb:31:in `require'
    script/server:3
/!\ FAILSAFE /!\  Mon Mar 23 14:59:20 +0530 2009
  Status: 500 Internal Server Error
  Unknown database 'akhanda_development'
    c:/ruby/lib/ruby/gems/1.8/gems/activerecord-2.3.0/lib/active_record/connection_adapters/mysql_adapter.rb:576:in `real_connect'
    c:/ruby/lib/ruby/gems/1.8/gems/activerecord-2.3.0/lib/active_record/connection_adapters/mysql_adapter.rb:576:in `connect'
    c:/ruby/lib/ruby/gems/1.8/gems/activerecord-2.3.0/lib/active_record/connection_adapters/mysql_adapter.rb:204:in `initialize'
    c:/ruby/lib/ruby/gems/1.8/gems/activerecord-2.3.0/lib/active_record/connection_adapters/mysql_adapter.rb:76:in `new'
    c:/ruby/lib/ruby/gems/1.8/gems/activerecord-2.3.0/lib/active_record/connection_adapters/mysql_adapter.rb:76:in `mysql_connection'
    c:/ruby/lib/ruby/gems/1.8/gems/activerecord-2.3.0/lib/active_record/connection_adapters/abstract/connection_pool.rb:223:in `send'
    c:/ruby/lib/ruby/gems/1.8/gems/activerecord-2.3.0/lib/active_record/connection_adapters/abstract/connection_pool.rb:223:in `new_connection'
    c:/ruby/lib/ruby/gems/1.8/gems/activerecord-2.3.0/lib/active_record/connection_adapters/abstract/connection_pool.rb:245:in `checkout_new_connection'
    c:/ruby/lib/ruby/gems/1.8/gems/activerecord-2.3.0/lib/active_record/connection_adapters/abstract/connection_pool.rb:188:in `checkout'
    c:/ruby/lib/ruby/gems/1.8/gems/activerecord-2.3.0/lib/active_record/connection_adapters/abstract/connection_pool.rb:184:in `loop'
    c:/ruby/lib/ruby/gems/1.8/gems/activerecord-2.3.0/lib/active_record/connection_adapters/abstract/connection_pool.rb:184:in `checkout'
    c:/ruby/lib/ruby/1.8/monitor.rb:242:in `synchronize'
    c:/ruby/lib/ruby/gems/1.8/gems/activerecord-2.3.0/lib/active_record/connection_adapters/abstract/connection_pool.rb:183:in `checkout'
    c:/ruby/lib/ruby/gems/1.8/gems/activerecord-2.3.0/lib/active_record/connection_adapters/abstract/connection_pool.rb:98:in `connection'
    c:/ruby/lib/ruby/gems/1.8/gems/activerecord-2.3.0/lib/active_record/connection_adapters/abstract/connection_pool.rb:326:in `retrieve_connection'
    c:/ruby/lib/ruby/gems/1.8/gems/activerecord-2.3.0/lib/active_record/connection_adapters/abstract/connection_specification.rb:123:in `retrieve_connection'
    c:/ruby/lib/ruby/gems/1.8/gems/activerecord-2.3.0/lib/active_record/connection_adapters/abstract/connection_specification.rb:115:in `connection'
    c:/ruby/lib/ruby/gems/1.8/gems/activerecord-2.3.0/lib/active_record/query_cache.rb:9:in `cache'
    c:/ruby/lib/ruby/gems/1.8/gems/activerecord-2.3.0/lib/active_record/query_cache.rb:28:in `call'
    c:/ruby/lib/ruby/gems/1.8/gems/rack-0.9.1/lib/rack/head.rb:9:in `call'
    c:/ruby/lib/ruby/gems/1.8/gems/rack-0.9.1/lib/rack/methodoverride.rb:24:in `call'
    c:/ruby/lib/ruby/gems/1.8/gems/actionpack-2.3.0/lib/action_controller/params_parser.rb:15:in `call'
    c:/ruby/lib/ruby/gems/1.8/gems/actionpack-2.3.0/lib/action_controller/rewindable_input.rb:25:in `call'
    c:/ruby/lib/ruby/gems/1.8/gems/actionpack-2.3.0/lib/action_controller/session/cookie_store.rb:93:in `call'
    c:/ruby/lib/ruby/gems/1.8/gems/actionpack-2.3.0/lib/action_controller/failsafe.rb:11:in `call'
    c:/ruby/lib/ruby/gems/1.8/gems/actionpack-2.3.0/lib/action_controller/rack_ext/lock.rb:15:in `call'
    c:/ruby/lib/ruby/gems/1.8/gems/actionpack-2.3.0/lib/action_controller/rack_ext/lock.rb:15:in `synchronize'
    c:/ruby/lib/ruby/gems/1.8/gems/actionpack-2.3.0/lib/action_controller/rack_ext/lock.rb:15:in `call'
    c:/ruby/lib/ruby/gems/1.8/gems/actionpack-2.3.0/lib/action_controller/dispatcher.rb:83:in `call'
    c:/ruby/lib/ruby/gems/1.8/gems/rails-2.3.0/lib/rails/rack/static.rb:27:in `call'
    c:/ruby/lib/ruby/gems/1.8/gems/rails-2.3.0/lib/rails/rack/log_tailer.rb:17:in `call'
    c:/ruby/lib/ruby/gems/1.8/gems/rack-0.9.1/lib/rack/handler/mongrel.rb:59:in `process'
    c:/ruby/lib/ruby/gems/1.8/gems/mongrel-1.1.5-x86-mswin32-60/lib/mongrel.rb:159:in `process_client'
    c:/ruby/lib/ruby/gems/1.8/gems/mongrel-1.1.5-x86-mswin32-60/lib/mongrel.rb:158:in `each'
    c:/ruby/lib/ruby/gems/1.8/gems/mongrel-1.1.5-x86-mswin32-60/lib/mongrel.rb:158:in `process_client'
    c:/ruby/lib/ruby/gems/1.8/gems/mongrel-1.1.5-x86-mswin32-60/lib/mongrel.rb:285:in `run'
    c:/ruby/lib/ruby/gems/1.8/gems/mongrel-1.1.5-x86-mswin32-60/lib/mongrel.rb:285:in `initialize'
    c:/ruby/lib/ruby/gems/1.8/gems/mongrel-1.1.5-x86-mswin32-60/lib/mongrel.rb:285:in `new'
    c:/ruby/lib/ruby/gems/1.8/gems/mongrel-1.1.5-x86-mswin32-60/lib/mongrel.rb:285:in `run'
    c:/ruby/lib/ruby/gems/1.8/gems/mongrel-1.1.5-x86-mswin32-60/lib/mongrel.rb:268:in `initialize'
    c:/ruby/lib/ruby/gems/1.8/gems/mongrel-1.1.5-x86-mswin32-60/lib/mongrel.rb:268:in `new'
    c:/ruby/lib/ruby/gems/1.8/gems/mongrel-1.1.5-x86-mswin32-60/lib/mongrel.rb:268:in `run'
    c:/ruby/lib/ruby/gems/1.8/gems/rack-0.9.1/lib/rack/handler/mongrel.rb:32:in `run'
    c:/ruby/lib/ruby/gems/1.8/gems/rails-2.3.0/lib/commands/server.rb:100
    c:/ruby/lib/ruby/site_ruby/1.8/rubygems/custom_require.rb:31:in `gem_original_require'
    c:/ruby/lib/ruby/site_ruby/1.8/rubygems/custom_require.rb:31:in `require'
    script/server:3
/!\ FAILSAFE /!\  Mon Mar 23 15:01:42 +0530 2009
  Status: 500 Internal Server Error
  Unknown database 'akhanda_development'
    c:/ruby/lib/ruby/gems/1.8/gems/activerecord-2.3.0/lib/active_record/connection_adapters/mysql_adapter.rb:576:in `real_connect'
    c:/ruby/lib/ruby/gems/1.8/gems/activerecord-2.3.0/lib/active_record/connection_adapters/mysql_adapter.rb:576:in `connect'
    c:/ruby/lib/ruby/gems/1.8/gems/activerecord-2.3.0/lib/active_record/connection_adapters/mysql_adapter.rb:204:in `initialize'
    c:/ruby/lib/ruby/gems/1.8/gems/activerecord-2.3.0/lib/active_record/connection_adapters/mysql_adapter.rb:76:in `new'
    c:/ruby/lib/ruby/gems/1.8/gems/activerecord-2.3.0/lib/active_record/connection_adapters/mysql_adapter.rb:76:in `mysql_connection'
    c:/ruby/lib/ruby/gems/1.8/gems/activerecord-2.3.0/lib/active_record/connection_adapters/abstract/connection_pool.rb:223:in `send'
    c:/ruby/lib/ruby/gems/1.8/gems/activerecord-2.3.0/lib/active_record/connection_adapters/abstract/connection_pool.rb:223:in `new_connection'
    c:/ruby/lib/ruby/gems/1.8/gems/activerecord-2.3.0/lib/active_record/connection_adapters/abstract/connection_pool.rb:245:in `checkout_new_connection'
    c:/ruby/lib/ruby/gems/1.8/gems/activerecord-2.3.0/lib/active_record/connection_adapters/abstract/connection_pool.rb:188:in `checkout'
    c:/ruby/lib/ruby/gems/1.8/gems/activerecord-2.3.0/lib/active_record/connection_adapters/abstract/connection_pool.rb:184:in `loop'
    c:/ruby/lib/ruby/gems/1.8/gems/activerecord-2.3.0/lib/active_record/connection_adapters/abstract/connection_pool.rb:184:in `checkout'
    c:/ruby/lib/ruby/1.8/monitor.rb:242:in `synchronize'
    c:/ruby/lib/ruby/gems/1.8/gems/activerecord-2.3.0/lib/active_record/connection_adapters/abstract/connection_pool.rb:183:in `checkout'
    c:/ruby/lib/ruby/gems/1.8/gems/activerecord-2.3.0/lib/active_record/connection_adapters/abstract/connection_pool.rb:98:in `connection'
    c:/ruby/lib/ruby/gems/1.8/gems/activerecord-2.3.0/lib/active_record/connection_adapters/abstract/connection_pool.rb:326:in `retrieve_connection'
    c:/ruby/lib/ruby/gems/1.8/gems/activerecord-2.3.0/lib/active_record/connection_adapters/abstract/connection_specification.rb:123:in `retrieve_connection'
    c:/ruby/lib/ruby/gems/1.8/gems/activerecord-2.3.0/lib/active_record/connection_adapters/abstract/connection_specification.rb:115:in `connection'
    c:/ruby/lib/ruby/gems/1.8/gems/activerecord-2.3.0/lib/active_record/query_cache.rb:9:in `cache'
    c:/ruby/lib/ruby/gems/1.8/gems/activerecord-2.3.0/lib/active_record/query_cache.rb:28:in `call'
    c:/ruby/lib/ruby/gems/1.8/gems/rack-0.9.1/lib/rack/head.rb:9:in `call'
    c:/ruby/lib/ruby/gems/1.8/gems/rack-0.9.1/lib/rack/methodoverride.rb:24:in `call'
    c:/ruby/lib/ruby/gems/1.8/gems/actionpack-2.3.0/lib/action_controller/params_parser.rb:15:in `call'
    c:/ruby/lib/ruby/gems/1.8/gems/actionpack-2.3.0/lib/action_controller/rewindable_input.rb:25:in `call'
    c:/ruby/lib/ruby/gems/1.8/gems/actionpack-2.3.0/lib/action_controller/session/cookie_store.rb:93:in `call'
    c:/ruby/lib/ruby/gems/1.8/gems/actionpack-2.3.0/lib/action_controller/failsafe.rb:11:in `call'
    c:/ruby/lib/ruby/gems/1.8/gems/actionpack-2.3.0/lib/action_controller/rack_ext/lock.rb:15:in `call'
    c:/ruby/lib/ruby/gems/1.8/gems/actionpack-2.3.0/lib/action_controller/rack_ext/lock.rb:15:in `synchronize'
    c:/ruby/lib/ruby/gems/1.8/gems/actionpack-2.3.0/lib/action_controller/rack_ext/lock.rb:15:in `call'
    c:/ruby/lib/ruby/gems/1.8/gems/actionpack-2.3.0/lib/action_controller/dispatcher.rb:83:in `call'
    c:/ruby/lib/ruby/gems/1.8/gems/rails-2.3.0/lib/rails/rack/static.rb:27:in `call'
    c:/ruby/lib/ruby/gems/1.8/gems/rails-2.3.0/lib/rails/rack/log_tailer.rb:17:in `call'
    c:/ruby/lib/ruby/gems/1.8/gems/rack-0.9.1/lib/rack/handler/mongrel.rb:59:in `process'
    c:/ruby/lib/ruby/gems/1.8/gems/mongrel-1.1.5-x86-mswin32-60/lib/mongrel.rb:159:in `process_client'
    c:/ruby/lib/ruby/gems/1.8/gems/mongrel-1.1.5-x86-mswin32-60/lib/mongrel.rb:158:in `each'
    c:/ruby/lib/ruby/gems/1.8/gems/mongrel-1.1.5-x86-mswin32-60/lib/mongrel.rb:158:in `process_client'
    c:/ruby/lib/ruby/gems/1.8/gems/mongrel-1.1.5-x86-mswin32-60/lib/mongrel.rb:285:in `run'
    c:/ruby/lib/ruby/gems/1.8/gems/mongrel-1.1.5-x86-mswin32-60/lib/mongrel.rb:285:in `initialize'
    c:/ruby/lib/ruby/gems/1.8/gems/mongrel-1.1.5-x86-mswin32-60/lib/mongrel.rb:285:in `new'
    c:/ruby/lib/ruby/gems/1.8/gems/mongrel-1.1.5-x86-mswin32-60/lib/mongrel.rb:285:in `run'
    c:/ruby/lib/ruby/gems/1.8/gems/mongrel-1.1.5-x86-mswin32-60/lib/mongrel.rb:268:in `initialize'
    c:/ruby/lib/ruby/gems/1.8/gems/mongrel-1.1.5-x86-mswin32-60/lib/mongrel.rb:268:in `new'
    c:/ruby/lib/ruby/gems/1.8/gems/mongrel-1.1.5-x86-mswin32-60/lib/mongrel.rb:268:in `run'
    c:/ruby/lib/ruby/gems/1.8/gems/rack-0.9.1/lib/rack/handler/mongrel.rb:32:in `run'
    c:/ruby/lib/ruby/gems/1.8/gems/rails-2.3.0/lib/commands/server.rb:100
    c:/ruby/lib/ruby/site_ruby/1.8/rubygems/custom_require.rb:31:in `gem_original_require'
    c:/ruby/lib/ruby/site_ruby/1.8/rubygems/custom_require.rb:31:in `require'
    script/server:3
/!\ FAILSAFE /!\  Mon Mar 23 15:01:56 +0530 2009
  Status: 500 Internal Server Error
  Unknown database 'akhanda_development'
    c:/ruby/lib/ruby/gems/1.8/gems/activerecord-2.3.0/lib/active_record/connection_adapters/mysql_adapter.rb:576:in `real_connect'
    c:/ruby/lib/ruby/gems/1.8/gems/activerecord-2.3.0/lib/active_record/connection_adapters/mysql_adapter.rb:576:in `connect'
    c:/ruby/lib/ruby/gems/1.8/gems/activerecord-2.3.0/lib/active_record/connection_adapters/mysql_adapter.rb:204:in `initialize'
    c:/ruby/lib/ruby/gems/1.8/gems/activerecord-2.3.0/lib/active_record/connection_adapters/mysql_adapter.rb:76:in `new'
    c:/ruby/lib/ruby/gems/1.8/gems/activerecord-2.3.0/lib/active_record/connection_adapters/mysql_adapter.rb:76:in `mysql_connection'
    c:/ruby/lib/ruby/gems/1.8/gems/activerecord-2.3.0/lib/active_record/connection_adapters/abstract/connection_pool.rb:223:in `send'
    c:/ruby/lib/ruby/gems/1.8/gems/activerecord-2.3.0/lib/active_record/connection_adapters/abstract/connection_pool.rb:223:in `new_connection'
    c:/ruby/lib/ruby/gems/1.8/gems/activerecord-2.3.0/lib/active_record/connection_adapters/abstract/connection_pool.rb:245:in `checkout_new_connection'
    c:/ruby/lib/ruby/gems/1.8/gems/activerecord-2.3.0/lib/active_record/connection_adapters/abstract/connection_pool.rb:188:in `checkout'
    c:/ruby/lib/ruby/gems/1.8/gems/activerecord-2.3.0/lib/active_record/connection_adapters/abstract/connection_pool.rb:184:in `loop'
    c:/ruby/lib/ruby/gems/1.8/gems/activerecord-2.3.0/lib/active_record/connection_adapters/abstract/connection_pool.rb:184:in `checkout'
    c:/ruby/lib/ruby/1.8/monitor.rb:242:in `synchronize'
    c:/ruby/lib/ruby/gems/1.8/gems/activerecord-2.3.0/lib/active_record/connection_adapters/abstract/connection_pool.rb:183:in `checkout'
    c:/ruby/lib/ruby/gems/1.8/gems/activerecord-2.3.0/lib/active_record/connection_adapters/abstract/connection_pool.rb:98:in `connection'
    c:/ruby/lib/ruby/gems/1.8/gems/activerecord-2.3.0/lib/active_record/connection_adapters/abstract/connection_pool.rb:326:in `retrieve_connection'
    c:/ruby/lib/ruby/gems/1.8/gems/activerecord-2.3.0/lib/active_record/connection_adapters/abstract/connection_specification.rb:123:in `retrieve_connection'
    c:/ruby/lib/ruby/gems/1.8/gems/activerecord-2.3.0/lib/active_record/connection_adapters/abstract/connection_specification.rb:115:in `connection'
    c:/ruby/lib/ruby/gems/1.8/gems/activerecord-2.3.0/lib/active_record/query_cache.rb:9:in `cache'
    c:/ruby/lib/ruby/gems/1.8/gems/activerecord-2.3.0/lib/active_record/query_cache.rb:28:in `call'
    c:/ruby/lib/ruby/gems/1.8/gems/rack-0.9.1/lib/rack/head.rb:9:in `call'
    c:/ruby/lib/ruby/gems/1.8/gems/rack-0.9.1/lib/rack/methodoverride.rb:24:in `call'
    c:/ruby/lib/ruby/gems/1.8/gems/actionpack-2.3.0/lib/action_controller/params_parser.rb:15:in `call'
    c:/ruby/lib/ruby/gems/1.8/gems/actionpack-2.3.0/lib/action_controller/rewindable_input.rb:25:in `call'
    c:/ruby/lib/ruby/gems/1.8/gems/actionpack-2.3.0/lib/action_controller/session/cookie_store.rb:93:in `call'
    c:/ruby/lib/ruby/gems/1.8/gems/actionpack-2.3.0/lib/action_controller/failsafe.rb:11:in `call'
    c:/ruby/lib/ruby/gems/1.8/gems/actionpack-2.3.0/lib/action_controller/rack_ext/lock.rb:15:in `call'
    c:/ruby/lib/ruby/gems/1.8/gems/actionpack-2.3.0/lib/action_controller/rack_ext/lock.rb:15:in `synchronize'
    c:/ruby/lib/ruby/gems/1.8/gems/actionpack-2.3.0/lib/action_controller/rack_ext/lock.rb:15:in `call'
    c:/ruby/lib/ruby/gems/1.8/gems/actionpack-2.3.0/lib/action_controller/dispatcher.rb:83:in `call'
    c:/ruby/lib/ruby/gems/1.8/gems/rails-2.3.0/lib/rails/rack/static.rb:27:in `call'
    c:/ruby/lib/ruby/gems/1.8/gems/rails-2.3.0/lib/rails/rack/log_tailer.rb:17:in `call'
    c:/ruby/lib/ruby/gems/1.8/gems/rack-0.9.1/lib/rack/handler/mongrel.rb:59:in `process'
    c:/ruby/lib/ruby/gems/1.8/gems/mongrel-1.1.5-x86-mswin32-60/lib/mongrel.rb:159:in `process_client'
    c:/ruby/lib/ruby/gems/1.8/gems/mongrel-1.1.5-x86-mswin32-60/lib/mongrel.rb:158:in `each'
    c:/ruby/lib/ruby/gems/1.8/gems/mongrel-1.1.5-x86-mswin32-60/lib/mongrel.rb:158:in `process_client'
    c:/ruby/lib/ruby/gems/1.8/gems/mongrel-1.1.5-x86-mswin32-60/lib/mongrel.rb:285:in `run'
    c:/ruby/lib/ruby/gems/1.8/gems/mongrel-1.1.5-x86-mswin32-60/lib/mongrel.rb:285:in `initialize'
    c:/ruby/lib/ruby/gems/1.8/gems/mongrel-1.1.5-x86-mswin32-60/lib/mongrel.rb:285:in `new'
    c:/ruby/lib/ruby/gems/1.8/gems/mongrel-1.1.5-x86-mswin32-60/lib/mongrel.rb:285:in `run'
    c:/ruby/lib/ruby/gems/1.8/gems/mongrel-1.1.5-x86-mswin32-60/lib/mongrel.rb:268:in `initialize'
    c:/ruby/lib/ruby/gems/1.8/gems/mongrel-1.1.5-x86-mswin32-60/lib/mongrel.rb:268:in `new'
    c:/ruby/lib/ruby/gems/1.8/gems/mongrel-1.1.5-x86-mswin32-60/lib/mongrel.rb:268:in `run'
    c:/ruby/lib/ruby/gems/1.8/gems/rack-0.9.1/lib/rack/handler/mongrel.rb:32:in `run'
    c:/ruby/lib/ruby/gems/1.8/gems/rails-2.3.0/lib/commands/server.rb:100
    c:/ruby/lib/ruby/site_ruby/1.8/rubygems/custom_require.rb:31:in `gem_original_require'
    c:/ruby/lib/ruby/site_ruby/1.8/rubygems/custom_require.rb:31:in `require'
    script/server:3
  [4;36;1mSQL (0.0ms)[0m   [0;1mSET NAMES 'utf8'[0m
  [4;35;1mSQL (17.0ms)[0m   [0mSET SQL_AUTO_IS_NULL=0[0m
  [4;36;1mSQL (1.0ms)[0m   [0;1mSHOW TABLES[0m
  [4;35;1mSQL (195.0ms)[0m   [0mCREATE TABLE `schema_migrations` (`version` varchar(255) NOT NULL) ENGINE=InnoDB[0m
  [4;36;1mSQL (321.0ms)[0m   [0;1mCREATE UNIQUE INDEX `unique_schema_migrations` ON `schema_migrations` (`version`)[0m
  [4;35;1mSQL (2.0ms)[0m   [0mSHOW TABLES[0m
  [4;36;1mSQL (3.0ms)[0m   [0;1mSELECT version FROM schema_migrations[0m
Migrating to CreateUsers (20090323091920)
  [4;35;1mSQL (1.0ms)[0m   [0mSHOW TABLES[0m
  [4;36;1mSQL (214.0ms)[0m   [0;1mCREATE TABLE `users` (`id` int(11) DEFAULT NULL auto_increment PRIMARY KEY, `login` varchar(40), `name` varchar(100) DEFAULT '', `email` varchar(100), `crypted_password` varchar(40), `salt` varchar(40), `created_at` datetime, `updated_at` datetime, `remember_token` varchar(40), `remember_token_expires_at` datetime) ENGINE=InnoDB[0m
  [4;35;1mSQL (265.0ms)[0m   [0mCREATE UNIQUE INDEX `index_users_on_login` ON `users` (`login`)[0m
  [4;36;1mSQL (73.0ms)[0m   [0;1mINSERT INTO schema_migrations (version) VALUES ('20090323091920')[0m
  [4;35;1mSQL (2.0ms)[0m   [0mSHOW TABLES[0m
  [4;36;1mSQL (1.0ms)[0m   [0;1mSELECT version FROM schema_migrations[0m
  [4;35;1mSQL (1.0ms)[0m   [0mSHOW TABLES[0m
  [4;36;1mSQL (15.0ms)[0m   [0;1mSHOW FIELDS FROM `users`[0m
  [4;35;1mSQL (5.0ms)[0m   [0mdescribe `users`[0m
  [4;36;1mSQL (1.0ms)[0m   [0;1mSHOW KEYS FROM `users`[0m
  [4;36;1mSQL (0.0ms)[0m   [0;1mSET NAMES 'utf8'[0m
  [4;35;1mSQL (0.0ms)[0m   [0mSET SQL_AUTO_IS_NULL=0[0m


Processing SessionsController#new (for 127.0.0.1 at 2009-03-23 15:13:43) [GET]
Rendering sessions/new

ActionView::TemplateError (undefined local variable or method `session_path' for #<ActionView::Base:0x4d032f8>) on line #3 of app/views/sessions/new.html.erb:
1: <h1>Log In</h1>
2: 
3: <% form_tag session_path do -%>
4: <p><%= label_tag 'login' %><br />
5: <%= text_field_tag 'login', @login %></p>
6: 

    app/views/sessions/new.html.erb:3
    actionpack (2.3.0) lib/action_view/renderable.rb:35:in `send'
    actionpack (2.3.0) lib/action_view/renderable.rb:35:in `render'
    actionpack (2.3.0) lib/action_view/template.rb:182:in `render_template'
    actionpack (2.3.0) lib/action_view/base.rb:247:in `render'
    actionpack (2.3.0) lib/action_controller/base.rb:1180:in `render_for_file'
    actionpack (2.3.0) lib/action_controller/base.rb:906:in `render_without_benchmark'
    actionpack (2.3.0) lib/action_controller/benchmarking.rb:51:in `render'
    actionpack (2.3.0) lib/action_controller/benchmarking.rb:51:in `render'
    actionpack (2.3.0) lib/action_controller/base.rb:1256:in `default_render'
    actionpack (2.3.0) lib/action_controller/base.rb:1262:in `perform_action_without_filters'
    actionpack (2.3.0) lib/action_controller/filters.rb:617:in `call_filters'
    actionpack (2.3.0) lib/action_controller/filters.rb:610:in `perform_action_without_benchmark'
    actionpack (2.3.0) lib/action_controller/benchmarking.rb:68:in `perform_action_without_rescue'
    actionpack (2.3.0) lib/action_controller/benchmarking.rb:68:in `perform_action_without_rescue'
    actionpack (2.3.0) lib/action_controller/rescue.rb:154:in `perform_action_without_flash'
    actionpack (2.3.0) lib/action_controller/flash.rb:141:in `perform_action'
    actionpack (2.3.0) lib/action_controller/base.rb:523:in `send'
    actionpack (2.3.0) lib/action_controller/base.rb:523:in `process_without_filters'
    actionpack (2.3.0) lib/action_controller/filters.rb:606:in `process'
    actionpack (2.3.0) lib/action_controller/base.rb:391:in `process'
    actionpack (2.3.0) lib/action_controller/base.rb:386:in `call'
    actionpack (2.3.0) lib/action_controller/routing/route_set.rb:433:in `call'
    actionpack (2.3.0) lib/action_controller/dispatcher.rb:65:in `dispatch'
    actionpack (2.3.0) lib/action_controller/dispatcher.rb:88:in `_call'
    actionpack (2.3.0) lib/action_controller/dispatcher.rb:59:in `initialize'
    activerecord (2.3.0) lib/active_record/query_cache.rb:29:in `call'
    activerecord (2.3.0) lib/active_record/query_cache.rb:29:in `call'
    activerecord (2.3.0) lib/active_record/connection_adapters/abstract/query_cache.rb:34:in `cache'
    activerecord (2.3.0) lib/active_record/query_cache.rb:9:in `cache'
    activerecord (2.3.0) lib/active_record/query_cache.rb:28:in `call'
    actionpack (2.3.0) lib/action_controller/params_parser.rb:15:in `call'
    actionpack (2.3.0) lib/action_controller/rewindable_input.rb:25:in `call'
    actionpack (2.3.0) lib/action_controller/session/cookie_store.rb:93:in `call'
    actionpack (2.3.0) lib/action_controller/failsafe.rb:11:in `call'
    actionpack (2.3.0) lib/action_controller/rack_ext/lock.rb:15:in `call'
    actionpack (2.3.0) lib/action_controller/rack_ext/lock.rb:15:in `synchronize'
    actionpack (2.3.0) lib/action_controller/rack_ext/lock.rb:15:in `call'
    actionpack (2.3.0) lib/action_controller/dispatcher.rb:83:in `call'
    rails (2.3.0) lib/rails/rack/static.rb:27:in `call'
    rails (2.3.0) lib/rails/rack/log_tailer.rb:17:in `call'
    rails (2.3.0) lib/commands/server.rb:100

Rendered rescues/_trace (89.0ms)
Rendered rescues/_request_and_response (1.0ms)
Rendering rescues/layout (internal_server_error)
  [4;36;1mSQL (0.0ms)[0m   [0;1mSET NAMES 'utf8'[0m
  [4;35;1mSQL (0.0ms)[0m   [0mSET SQL_AUTO_IS_NULL=0[0m


Processing ApplicationController#index (for 127.0.0.1 at 2009-03-23 15:13:53) [GET]

ActionController::RoutingError (No route matches "/login" with {:method=>:get}):
  actionpack (2.3.0) lib/action_controller/routing/recognition_optimisation.rb:66:in `recognize_path'
  actionpack (2.3.0) lib/action_controller/routing/route_set.rb:437:in `recognize'
  actionpack (2.3.0) lib/action_controller/routing/route_set.rb:432:in `call'
  actionpack (2.3.0) lib/action_controller/dispatcher.rb:65:in `dispatch'
  actionpack (2.3.0) lib/action_controller/dispatcher.rb:88:in `_call'
  actionpack (2.3.0) lib/action_controller/dispatcher.rb:59:in `initialize'
  activerecord (2.3.0) lib/active_record/query_cache.rb:29:in `call'
  activerecord (2.3.0) lib/active_record/query_cache.rb:29:in `call'
  activerecord (2.3.0) lib/active_record/connection_adapters/abstract/query_cache.rb:34:in `cache'
  activerecord (2.3.0) lib/active_record/query_cache.rb:9:in `cache'
  activerecord (2.3.0) lib/active_record/query_cache.rb:28:in `call'
  actionpack (2.3.0) lib/action_controller/params_parser.rb:15:in `call'
  actionpack (2.3.0) lib/action_controller/rewindable_input.rb:25:in `call'
  actionpack (2.3.0) lib/action_controller/session/cookie_store.rb:93:in `call'
  actionpack (2.3.0) lib/action_controller/failsafe.rb:11:in `call'
  actionpack (2.3.0) lib/action_controller/rack_ext/lock.rb:15:in `call'
  actionpack (2.3.0) lib/action_controller/rack_ext/lock.rb:15:in `synchronize'
  actionpack (2.3.0) lib/action_controller/rack_ext/lock.rb:15:in `call'
  actionpack (2.3.0) lib/action_controller/dispatcher.rb:83:in `call'
  rails (2.3.0) lib/rails/rack/static.rb:27:in `call'
  rails (2.3.0) lib/rails/rack/log_tailer.rb:17:in `call'
  rails (2.3.0) lib/commands/server.rb:100

Rendering rescues/layout (not_found)
  [4;36;1mSQL (1.0ms)[0m   [0;1mSET NAMES 'utf8'[0m
  [4;35;1mSQL (1.0ms)[0m   [0mSET SQL_AUTO_IS_NULL=0[0m


Processing SessionsController#new (for 127.0.0.1 at 2009-03-23 15:14:16) [GET]
Rendering sessions/new
Completed in 5421ms (View: 5417, DB: 2) | 200 OK [http://localhost/sessions/new]
  [4;36;1mSQL (0.0ms)[0m   [0;1mSET NAMES 'utf8'[0m
  [4;35;1mSQL (3.0ms)[0m   [0mSET SQL_AUTO_IS_NULL=0[0m


Processing UsersController#new (for 127.0.0.1 at 2009-03-23 15:14:31) [GET]
  [4;36;1mUser Columns (7.0ms)[0m   [0;1mSHOW FIELDS FROM `users`[0m
Rendering users/new
Completed in 164ms (View: 52, DB: 10) | 200 OK [http://localhost/signup]
  [4;35;1mSQL (24.0ms)[0m   [0mSET NAMES 'utf8'[0m
  [4;36;1mSQL (1.0ms)[0m   [0;1mSET SQL_AUTO_IS_NULL=0[0m


Processing UsersController#new (for 127.0.0.1 at 2009-03-23 15:20:11) [GET]
  [4;35;1mUser Columns (8.0ms)[0m   [0mSHOW FIELDS FROM `users`[0m
Rendering users/new
Completed in 92ms (View: 30, DB: 33) | 200 OK [http://localhost/signup]
  [4;36;1mSQL (0.0ms)[0m   [0;1mSET NAMES 'utf8'[0m
  [4;35;1mSQL (0.0ms)[0m   [0mSET SQL_AUTO_IS_NULL=0[0m


Processing UsersController#create (for 127.0.0.1 at 2009-03-23 15:24:00) [POST]
  Parameters: {"user"=>{"password_confirmation"=>"shree123", "password"=>"shree123", "login"=>"superadmin", "email"=>"shree@elynxsol.com"}, "commit"=>"Sign up", "authenticity_token"=>"q2qmnI/S87jQ+iHC9HvC5BtcIqeaEG2cYoVxIMELnmI="}
  [4;36;1mUser Columns (25.0ms)[0m   [0;1mSHOW FIELDS FROM `users`[0m
  [4;35;1mSQL (0.0ms)[0m   [0mBEGIN[0m
  [4;36;1mUser Exists (18.0ms)[0m   [0;1mSELECT `users`.id FROM `users` WHERE (`users`.`login` = BINARY 'superadmin') LIMIT 1[0m
  [4;35;1mUser Exists (1.0ms)[0m   [0mSELECT `users`.id FROM `users` WHERE (`users`.`email` = BINARY 'shree@elynxsol.com') LIMIT 1[0m
  [4;36;1mUser Create (1.0ms)[0m   [0;1mINSERT INTO `users` (`name`, `salt`, `updated_at`, `crypted_password`, `remember_token_expires_at`, `remember_token`, `login`, `email`, `created_at`) VALUES('', 'ce41d1d3ea87f0e87b82fba5a7d851a3e2edf503', '2009-03-23 09:54:00', 'e7049494a77bb2b5f8be29d9ef90178f8992d871', NULL, NULL, 'superadmin', 'shree@elynxsol.com', '2009-03-23 09:54:00')[0m
  [4;35;1mSQL (78.0ms)[0m   [0mCOMMIT[0m
Redirected to /
Completed in 287ms (DB: 123) | 302 Found [http://localhost/users]
  [4;36;1mSQL (0.0ms)[0m   [0;1mSET NAMES 'utf8'[0m
  [4;35;1mSQL (0.0ms)[0m   [0mSET SQL_AUTO_IS_NULL=0[0m


Processing SessionsController#new (for 127.0.0.1 at 2009-03-23 15:24:14) [GET]
Rendering sessions/new
Completed in 137ms (View: 132, DB: 0) | 200 OK [http://localhost/login]
  [4;36;1mSQL (0.0ms)[0m   [0;1mSET NAMES 'utf8'[0m
  [4;35;1mSQL (0.0ms)[0m   [0mSET SQL_AUTO_IS_NULL=0[0m


Processing SessionsController#create (for 127.0.0.1 at 2009-03-23 15:24:23) [POST]
  Parameters: {"commit"=>"Log in", "authenticity_token"=>"q2qmnI/S87jQ+iHC9HvC5BtcIqeaEG2cYoVxIMELnmI=", "login"=>"shree", "password"=>"shree123"}
  [4;36;1mUser Columns (7.0ms)[0m   [0;1mSHOW FIELDS FROM `users`[0m
  [4;35;1mUser Load (0.0ms)[0m   [0mSELECT * FROM `users` WHERE (`users`.`login` = 'shree') LIMIT 1[0m
Failed login for 'shree' from 127.0.0.1 at Mon Mar 23 09:54:23 UTC 2009
Rendering sessions/new
Completed in 96ms (View: 33, DB: 7) | 200 OK [http://localhost/session]
  [4;36;1mSQL (0.0ms)[0m   [0;1mSET NAMES 'utf8'[0m
  [4;35;1mSQL (0.0ms)[0m   [0mSET SQL_AUTO_IS_NULL=0[0m


Processing SessionsController#create (for 127.0.0.1 at 2009-03-23 15:24:32) [POST]
  Parameters: {"commit"=>"Log in", "authenticity_token"=>"q2qmnI/S87jQ+iHC9HvC5BtcIqeaEG2cYoVxIMELnmI=", "login"=>"shree", "password"=>"shree123"}
  [4;36;1mUser Columns (4.0ms)[0m   [0;1mSHOW FIELDS FROM `users`[0m
  [4;35;1mUser Load (1.0ms)[0m   [0mSELECT * FROM `users` WHERE (`users`.`login` = 'shree') LIMIT 1[0m
Failed login for 'shree' from 127.0.0.1 at Mon Mar 23 09:54:32 UTC 2009
Rendering sessions/new
Completed in 74ms (View: 27, DB: 5) | 200 OK [http://localhost/session]
  [4;36;1mSQL (0.0ms)[0m   [0;1mSET NAMES 'utf8'[0m
  [4;35;1mSQL (0.0ms)[0m   [0mSET SQL_AUTO_IS_NULL=0[0m


Processing SessionsController#create (for 127.0.0.1 at 2009-03-23 15:24:39) [POST]
  Parameters: {"commit"=>"Log in", "authenticity_token"=>"q2qmnI/S87jQ+iHC9HvC5BtcIqeaEG2cYoVxIMELnmI=", "login"=>"shree", "password"=>"sitajagan"}
  [4;36;1mUser Columns (8.0ms)[0m   [0;1mSHOW FIELDS FROM `users`[0m
  [4;35;1mUser Load (1.0ms)[0m   [0mSELECT * FROM `users` WHERE (`users`.`login` = 'shree') LIMIT 1[0m
Failed login for 'shree' from 127.0.0.1 at Mon Mar 23 09:54:39 UTC 2009
Rendering sessions/new
Completed in 105ms (View: 42, DB: 9) | 200 OK [http://localhost/session]
  [4;36;1mSQL (0.0ms)[0m   [0;1mSET NAMES 'utf8'[0m
  [4;35;1mSQL (0.0ms)[0m   [0mSET SQL_AUTO_IS_NULL=0[0m


Processing SessionsController#create (for 127.0.0.1 at 2009-03-23 15:25:34) [POST]
  Parameters: {"commit"=>"Log in", "authenticity_token"=>"q2qmnI/S87jQ+iHC9HvC5BtcIqeaEG2cYoVxIMELnmI=", "login"=>"superadmin", "password"=>"shree123"}
  [4;36;1mUser Columns (9.0ms)[0m   [0;1mSHOW FIELDS FROM `users`[0m
  [4;35;1mUser Load (22.0ms)[0m   [0mSELECT * FROM `users` WHERE (`users`.`login` = 'superadmin') LIMIT 1[0m
  [4;36;1mSQL (0.0ms)[0m   [0;1mBEGIN[0m
  [4;35;1mSQL (0.0ms)[0m   [0mCOMMIT[0m
Redirected to /dashboard
Completed in 92ms (DB: 31) | 302 Found [http://localhost/session]
  [4;36;1mSQL (0.0ms)[0m   [0;1mSET NAMES 'utf8'[0m
  [4;35;1mSQL (0.0ms)[0m   [0mSET SQL_AUTO_IS_NULL=0[0m


Processing ApplicationController#index (for 127.0.0.1 at 2009-03-23 15:25:35) [GET]

ActionController::RoutingError (No route matches "/dashboard" with {:method=>:get}):
  actionpack (2.3.0) lib/action_controller/routing/recognition_optimisation.rb:66:in `recognize_path'
  actionpack (2.3.0) lib/action_controller/routing/route_set.rb:437:in `recognize'
  actionpack (2.3.0) lib/action_controller/routing/route_set.rb:432:in `call'
  actionpack (2.3.0) lib/action_controller/dispatcher.rb:65:in `dispatch'
  actionpack (2.3.0) lib/action_controller/dispatcher.rb:88:in `_call'
  actionpack (2.3.0) lib/action_controller/dispatcher.rb:59:in `initialize'
  activerecord (2.3.0) lib/active_record/query_cache.rb:29:in `call'
  activerecord (2.3.0) lib/active_record/query_cache.rb:29:in `call'
  activerecord (2.3.0) lib/active_record/connection_adapters/abstract/query_cache.rb:34:in `cache'
  activerecord (2.3.0) lib/active_record/query_cache.rb:9:in `cache'
  activerecord (2.3.0) lib/active_record/query_cache.rb:28:in `call'
  actionpack (2.3.0) lib/action_controller/params_parser.rb:15:in `call'
  actionpack (2.3.0) lib/action_controller/rewindable_input.rb:25:in `call'
  actionpack (2.3.0) lib/action_controller/session/cookie_store.rb:93:in `call'
  actionpack (2.3.0) lib/action_controller/failsafe.rb:11:in `call'
  actionpack (2.3.0) lib/action_controller/rack_ext/lock.rb:15:in `call'
  actionpack (2.3.0) lib/action_controller/rack_ext/lock.rb:15:in `synchronize'
  actionpack (2.3.0) lib/action_controller/rack_ext/lock.rb:15:in `call'
  actionpack (2.3.0) lib/action_controller/dispatcher.rb:83:in `call'
  rails (2.3.0) lib/rails/rack/static.rb:27:in `call'
  rails (2.3.0) lib/rails/rack/log_tailer.rb:17:in `call'
  rails (2.3.0) lib/commands/server.rb:100

Rendering rescues/layout (not_found)
  [4;36;1mSQL (0.0ms)[0m   [0;1mSET NAMES 'utf8'[0m
  [4;35;1mSQL (0.0ms)[0m   [0mSET SQL_AUTO_IS_NULL=0[0m


Processing ApplicationController#index (for 127.0.0.1 at 2009-03-23 15:26:01) [GET]

ActionController::RoutingError (No route matches "/dashboard" with {:method=>:get}):
  actionpack (2.3.0) lib/action_controller/routing/recognition_optimisation.rb:66:in `recognize_path'
  actionpack (2.3.0) lib/action_controller/routing/route_set.rb:437:in `recognize'
  actionpack (2.3.0) lib/action_controller/routing/route_set.rb:432:in `call'
  actionpack (2.3.0) lib/action_controller/dispatcher.rb:65:in `dispatch'
  actionpack (2.3.0) lib/action_controller/dispatcher.rb:88:in `_call'
  actionpack (2.3.0) lib/action_controller/dispatcher.rb:59:in `initialize'
  activerecord (2.3.0) lib/active_record/query_cache.rb:29:in `call'
  activerecord (2.3.0) lib/active_record/query_cache.rb:29:in `call'
  activerecord (2.3.0) lib/active_record/connection_adapters/abstract/query_cache.rb:34:in `cache'
  activerecord (2.3.0) lib/active_record/query_cache.rb:9:in `cache'
  activerecord (2.3.0) lib/active_record/query_cache.rb:28:in `call'
  actionpack (2.3.0) lib/action_controller/params_parser.rb:15:in `call'
  actionpack (2.3.0) lib/action_controller/rewindable_input.rb:25:in `call'
  actionpack (2.3.0) lib/action_controller/session/cookie_store.rb:93:in `call'
  actionpack (2.3.0) lib/action_controller/failsafe.rb:11:in `call'
  actionpack (2.3.0) lib/action_controller/rack_ext/lock.rb:15:in `call'
  actionpack (2.3.0) lib/action_controller/rack_ext/lock.rb:15:in `synchronize'
  actionpack (2.3.0) lib/action_controller/rack_ext/lock.rb:15:in `call'
  actionpack (2.3.0) lib/action_controller/dispatcher.rb:83:in `call'
  rails (2.3.0) lib/rails/rack/static.rb:27:in `call'
  rails (2.3.0) lib/rails/rack/log_tailer.rb:17:in `call'
  rails (2.3.0) lib/commands/server.rb:100

Rendering rescues/layout (not_found)
  [4;36;1mSQL (1.0ms)[0m   [0;1mSET NAMES 'utf8'[0m
  [4;35;1mSQL (0.0ms)[0m   [0mSET SQL_AUTO_IS_NULL=0[0m


Processing ApplicationController#index (for 127.0.0.1 at 2009-03-23 15:26:05) [GET]

ActionController::RoutingError (No route matches "/dashboard" with {:method=>:get}):
  actionpack (2.3.0) lib/action_controller/routing/recognition_optimisation.rb:66:in `recognize_path'
  actionpack (2.3.0) lib/action_controller/routing/route_set.rb:437:in `recognize'
  actionpack (2.3.0) lib/action_controller/routing/route_set.rb:432:in `call'
  actionpack (2.3.0) lib/action_controller/dispatcher.rb:65:in `dispatch'
  actionpack (2.3.0) lib/action_controller/dispatcher.rb:88:in `_call'
  actionpack (2.3.0) lib/action_controller/dispatcher.rb:59:in `initialize'
  activerecord (2.3.0) lib/active_record/query_cache.rb:29:in `call'
  activerecord (2.3.0) lib/active_record/query_cache.rb:29:in `call'
  activerecord (2.3.0) lib/active_record/connection_adapters/abstract/query_cache.rb:34:in `cache'
  activerecord (2.3.0) lib/active_record/query_cache.rb:9:in `cache'
  activerecord (2.3.0) lib/active_record/query_cache.rb:28:in `call'
  actionpack (2.3.0) lib/action_controller/params_parser.rb:15:in `call'
  actionpack (2.3.0) lib/action_controller/rewindable_input.rb:25:in `call'
  actionpack (2.3.0) lib/action_controller/session/cookie_store.rb:93:in `call'
  actionpack (2.3.0) lib/action_controller/failsafe.rb:11:in `call'
  actionpack (2.3.0) lib/action_controller/rack_ext/lock.rb:15:in `call'
  actionpack (2.3.0) lib/action_controller/rack_ext/lock.rb:15:in `synchronize'
  actionpack (2.3.0) lib/action_controller/rack_ext/lock.rb:15:in `call'
  actionpack (2.3.0) lib/action_controller/dispatcher.rb:83:in `call'
  rails (2.3.0) lib/rails/rack/static.rb:27:in `call'
  rails (2.3.0) lib/rails/rack/log_tailer.rb:17:in `call'
  rails (2.3.0) lib/commands/server.rb:100

Rendering rescues/layout (not_found)
  [4;36;1mSQL (1.0ms)[0m   [0;1mSET NAMES 'utf8'[0m
  [4;35;1mSQL (1.0ms)[0m   [0mSET SQL_AUTO_IS_NULL=0[0m


Processing DashboardController#index (for 127.0.0.1 at 2009-03-23 15:26:44) [GET]
Rendering dashboard/index
Completed in 34ms (View: 30, DB: 2) | 200 OK [http://localhost/dashboard]
  [4;36;1mSQL (0.0ms)[0m   [0;1mSET NAMES 'utf8'[0m
  [4;35;1mSQL (0.0ms)[0m   [0mSET SQL_AUTO_IS_NULL=0[0m


Processing SessionsController#new (for 127.0.0.1 at 2009-03-23 15:26:52) [GET]
Rendering sessions/new
Completed in 35ms (View: 31, DB: 0) | 200 OK [http://localhost/login]
  [4;36;1mSQL (0.0ms)[0m   [0;1mSET NAMES 'utf8'[0m
  [4;35;1mSQL (0.0ms)[0m   [0mSET SQL_AUTO_IS_NULL=0[0m


Processing SessionsController#create (for 127.0.0.1 at 2009-03-23 15:27:10) [POST]
  Parameters: {"commit"=>"Log in", "authenticity_token"=>"q2qmnI/S87jQ+iHC9HvC5BtcIqeaEG2cYoVxIMELnmI=", "login"=>"superadmin", "password"=>"shree123"}
  [4;36;1mUser Columns (5.0ms)[0m   [0;1mSHOW FIELDS FROM `users`[0m
  [4;35;1mUser Load (1.0ms)[0m   [0mSELECT * FROM `users` WHERE (`users`.`login` = 'superadmin') LIMIT 1[0m
  [4;36;1mSQL (1.0ms)[0m   [0;1mBEGIN[0m
  [4;35;1mSQL (1.0ms)[0m   [0mCOMMIT[0m
Redirected to /dashboard
Completed in 108ms (DB: 8) | 302 Found [http://localhost/session]
  [4;36;1mSQL (0.0ms)[0m   [0;1mSET NAMES 'utf8'[0m
  [4;35;1mSQL (2.0ms)[0m   [0mSET SQL_AUTO_IS_NULL=0[0m


Processing DashboardController#index (for 127.0.0.1 at 2009-03-23 15:27:11) [GET]
Rendering dashboard/index
Completed in 49ms (View: 43, DB: 2) | 200 OK [http://localhost/dashboard]
  [4;36;1mSQL (1.0ms)[0m   [0;1mSET NAMES 'utf8'[0m
  [4;35;1mSQL (1.0ms)[0m   [0mSET SQL_AUTO_IS_NULL=0[0m


Processing DashboardController#index (for 127.0.0.1 at 2009-03-23 15:31:23) [GET]
Rendering dashboard/index
Completed in 40ms (View: 34, DB: 2) | 200 OK [http://localhost/dashboard]
  [4;36;1mSQL (1.0ms)[0m   [0;1mSET NAMES 'utf8'[0m
  [4;35;1mSQL (0.0ms)[0m   [0mSET SQL_AUTO_IS_NULL=0[0m


Processing DashboardController#index (for 127.0.0.1 at 2009-03-23 15:31:58) [GET]
Rendering dashboard/index
Completed in 32ms (View: 27, DB: 1) | 200 OK [http://localhost/dashboard]
  [4;36;1mSQL (0.0ms)[0m   [0;1mSET NAMES 'utf8'[0m
  [4;35;1mSQL (1.0ms)[0m   [0mSET SQL_AUTO_IS_NULL=0[0m


Processing SessionsController#destroy (for 127.0.0.1 at 2009-03-23 15:32:02) [GET]
Redirected to /
Completed in 48ms (DB: 1) | 302 Found [http://localhost/logout]
  [4;36;1mSQL (1.0ms)[0m   [0;1mSET NAMES 'utf8'[0m
  [4;35;1mSQL (0.0ms)[0m   [0mSET SQL_AUTO_IS_NULL=0[0m


Processing ApplicationController#new (for 127.0.0.1 at 2009-03-23 15:34:35) [GET]

NameError (uninitialized constant SessionController):
  activesupport (2.3.0) lib/active_support/dependencies.rb:443:in `load_missing_constant'
  activesupport (2.3.0) lib/active_support/dependencies.rb:80:in `const_missing'
  activesupport (2.3.0) lib/active_support/dependencies.rb:92:in `const_missing'
  activesupport (2.3.0) lib/active_support/inflector.rb:359:in `constantize'
  activesupport (2.3.0) lib/active_support/inflector.rb:358:in `each'
  activesupport (2.3.0) lib/active_support/inflector.rb:358:in `constantize'
  activesupport (2.3.0) lib/active_support/core_ext/string/inflections.rb:162:in `constantize'
  actionpack (2.3.0) lib/action_controller/routing/route_set.rb:439:in `recognize'
  actionpack (2.3.0) lib/action_controller/routing/route_set.rb:432:in `call'
  actionpack (2.3.0) lib/action_controller/dispatcher.rb:65:in `dispatch'
  actionpack (2.3.0) lib/action_controller/dispatcher.rb:88:in `_call'
  actionpack (2.3.0) lib/action_controller/dispatcher.rb:59:in `initialize'
  activerecord (2.3.0) lib/active_record/query_cache.rb:29:in `call'
  activerecord (2.3.0) lib/active_record/query_cache.rb:29:in `call'
  activerecord (2.3.0) lib/active_record/connection_adapters/abstract/query_cache.rb:34:in `cache'
  activerecord (2.3.0) lib/active_record/query_cache.rb:9:in `cache'
  activerecord (2.3.0) lib/active_record/query_cache.rb:28:in `call'
  actionpack (2.3.0) lib/action_controller/params_parser.rb:15:in `call'
  actionpack (2.3.0) lib/action_controller/rewindable_input.rb:25:in `call'
  actionpack (2.3.0) lib/action_controller/session/cookie_store.rb:93:in `call'
  actionpack (2.3.0) lib/action_controller/failsafe.rb:11:in `call'
  actionpack (2.3.0) lib/action_controller/rack_ext/lock.rb:15:in `call'
  actionpack (2.3.0) lib/action_controller/rack_ext/lock.rb:15:in `synchronize'
  actionpack (2.3.0) lib/action_controller/rack_ext/lock.rb:15:in `call'
  actionpack (2.3.0) lib/action_controller/dispatcher.rb:83:in `call'
  rails (2.3.0) lib/rails/rack/static.rb:27:in `call'
  rails (2.3.0) lib/rails/rack/log_tailer.rb:17:in `call'
  rails (2.3.0) lib/commands/server.rb:100

Rendered rescues/_trace (63.0ms)
Rendered rescues/_request_and_response (1.0ms)
Rendering rescues/layout (internal_server_error)
  [4;36;1mSQL (1.0ms)[0m   [0;1mSET NAMES 'utf8'[0m
  [4;35;1mSQL (1.0ms)[0m   [0mSET SQL_AUTO_IS_NULL=0[0m


Processing ApplicationController#new (for 127.0.0.1 at 2009-03-23 15:34:47) [GET]

NameError (uninitialized constant SessionController):
  activesupport (2.3.0) lib/active_support/dependencies.rb:443:in `load_missing_constant'
  activesupport (2.3.0) lib/active_support/dependencies.rb:80:in `const_missing'
  activesupport (2.3.0) lib/active_support/dependencies.rb:92:in `const_missing'
  activesupport (2.3.0) lib/active_support/inflector.rb:359:in `constantize'
  activesupport (2.3.0) lib/active_support/inflector.rb:358:in `each'
  activesupport (2.3.0) lib/active_support/inflector.rb:358:in `constantize'
  activesupport (2.3.0) lib/active_support/core_ext/string/inflections.rb:162:in `constantize'
  actionpack (2.3.0) lib/action_controller/routing/route_set.rb:439:in `recognize'
  actionpack (2.3.0) lib/action_controller/routing/route_set.rb:432:in `call'
  actionpack (2.3.0) lib/action_controller/dispatcher.rb:65:in `dispatch'
  actionpack (2.3.0) lib/action_controller/dispatcher.rb:88:in `_call'
  actionpack (2.3.0) lib/action_controller/dispatcher.rb:59:in `initialize'
  activerecord (2.3.0) lib/active_record/query_cache.rb:29:in `call'
  activerecord (2.3.0) lib/active_record/query_cache.rb:29:in `call'
  activerecord (2.3.0) lib/active_record/connection_adapters/abstract/query_cache.rb:34:in `cache'
  activerecord (2.3.0) lib/active_record/query_cache.rb:9:in `cache'
  activerecord (2.3.0) lib/active_record/query_cache.rb:28:in `call'
  actionpack (2.3.0) lib/action_controller/params_parser.rb:15:in `call'
  actionpack (2.3.0) lib/action_controller/rewindable_input.rb:25:in `call'
  actionpack (2.3.0) lib/action_controller/session/cookie_store.rb:93:in `call'
  actionpack (2.3.0) lib/action_controller/failsafe.rb:11:in `call'
  actionpack (2.3.0) lib/action_controller/rack_ext/lock.rb:15:in `call'
  actionpack (2.3.0) lib/action_controller/rack_ext/lock.rb:15:in `synchronize'
  actionpack (2.3.0) lib/action_controller/rack_ext/lock.rb:15:in `call'
  actionpack (2.3.0) lib/action_controller/dispatcher.rb:83:in `call'
  rails (2.3.0) lib/rails/rack/static.rb:27:in `call'
  rails (2.3.0) lib/rails/rack/log_tailer.rb:17:in `call'
  rails (2.3.0) lib/commands/server.rb:100

Rendered rescues/_trace (211.0ms)
Rendered rescues/_request_and_response (0.0ms)
Rendering rescues/layout (internal_server_error)
  [4;36;1mSQL (1.0ms)[0m   [0;1mSET NAMES 'utf8'[0m
  [4;35;1mSQL (0.0ms)[0m   [0mSET SQL_AUTO_IS_NULL=0[0m


Processing ApplicationController#new (for 127.0.0.1 at 2009-03-23 15:36:22) [GET]

NameError (uninitialized constant SessionController):
  activesupport (2.3.0) lib/active_support/dependencies.rb:443:in `load_missing_constant'
  activesupport (2.3.0) lib/active_support/dependencies.rb:80:in `const_missing'
  activesupport (2.3.0) lib/active_support/dependencies.rb:92:in `const_missing'
  activesupport (2.3.0) lib/active_support/inflector.rb:359:in `constantize'
  activesupport (2.3.0) lib/active_support/inflector.rb:358:in `each'
  activesupport (2.3.0) lib/active_support/inflector.rb:358:in `constantize'
  activesupport (2.3.0) lib/active_support/core_ext/string/inflections.rb:162:in `constantize'
  actionpack (2.3.0) lib/action_controller/routing/route_set.rb:439:in `recognize'
  actionpack (2.3.0) lib/action_controller/routing/route_set.rb:432:in `call'
  actionpack (2.3.0) lib/action_controller/dispatcher.rb:65:in `dispatch'
  actionpack (2.3.0) lib/action_controller/dispatcher.rb:88:in `_call'
  actionpack (2.3.0) lib/action_controller/dispatcher.rb:59:in `initialize'
  activerecord (2.3.0) lib/active_record/query_cache.rb:29:in `call'
  activerecord (2.3.0) lib/active_record/query_cache.rb:29:in `call'
  activerecord (2.3.0) lib/active_record/connection_adapters/abstract/query_cache.rb:34:in `cache'
  activerecord (2.3.0) lib/active_record/query_cache.rb:9:in `cache'
  activerecord (2.3.0) lib/active_record/query_cache.rb:28:in `call'
  actionpack (2.3.0) lib/action_controller/params_parser.rb:15:in `call'
  actionpack (2.3.0) lib/action_controller/rewindable_input.rb:25:in `call'
  actionpack (2.3.0) lib/action_controller/session/cookie_store.rb:93:in `call'
  actionpack (2.3.0) lib/action_controller/failsafe.rb:11:in `call'
  actionpack (2.3.0) lib/action_controller/rack_ext/lock.rb:15:in `call'
  actionpack (2.3.0) lib/action_controller/rack_ext/lock.rb:15:in `synchronize'
  actionpack (2.3.0) lib/action_controller/rack_ext/lock.rb:15:in `call'
  actionpack (2.3.0) lib/action_controller/dispatcher.rb:83:in `call'
  rails (2.3.0) lib/rails/rack/static.rb:27:in `call'
  rails (2.3.0) lib/rails/rack/log_tailer.rb:17:in `call'
  rails (2.3.0) lib/commands/server.rb:100

Rendered rescues/_trace (71.0ms)
Rendered rescues/_request_and_response (1.0ms)
Rendering rescues/layout (internal_server_error)
  [4;36;1mSQL (0.0ms)[0m   [0;1mSET NAMES 'utf8'[0m
  [4;35;1mSQL (0.0ms)[0m   [0mSET SQL_AUTO_IS_NULL=0[0m


Processing ApplicationController#new (for 127.0.0.1 at 2009-03-23 15:38:58) [GET]

NameError (uninitialized constant SessionController):
  activesupport (2.3.0) lib/active_support/dependencies.rb:443:in `load_missing_constant'
  activesupport (2.3.0) lib/active_support/dependencies.rb:80:in `const_missing'
  activesupport (2.3.0) lib/active_support/dependencies.rb:92:in `const_missing'
  activesupport (2.3.0) lib/active_support/inflector.rb:359:in `constantize'
  activesupport (2.3.0) lib/active_support/inflector.rb:358:in `each'
  activesupport (2.3.0) lib/active_support/inflector.rb:358:in `constantize'
  activesupport (2.3.0) lib/active_support/core_ext/string/inflections.rb:162:in `constantize'
  actionpack (2.3.0) lib/action_controller/routing/route_set.rb:439:in `recognize'
  actionpack (2.3.0) lib/action_controller/routing/route_set.rb:432:in `call'
  actionpack (2.3.0) lib/action_controller/dispatcher.rb:65:in `dispatch'
  actionpack (2.3.0) lib/action_controller/dispatcher.rb:88:in `_call'
  actionpack (2.3.0) lib/action_controller/dispatcher.rb:59:in `initialize'
  activerecord (2.3.0) lib/active_record/query_cache.rb:29:in `call'
  activerecord (2.3.0) lib/active_record/query_cache.rb:29:in `call'
  activerecord (2.3.0) lib/active_record/connection_adapters/abstract/query_cache.rb:34:in `cache'
  activerecord (2.3.0) lib/active_record/query_cache.rb:9:in `cache'
  activerecord (2.3.0) lib/active_record/query_cache.rb:28:in `call'
  actionpack (2.3.0) lib/action_controller/params_parser.rb:15:in `call'
  actionpack (2.3.0) lib/action_controller/rewindable_input.rb:25:in `call'
  actionpack (2.3.0) lib/action_controller/session/cookie_store.rb:93:in `call'
  actionpack (2.3.0) lib/action_controller/failsafe.rb:11:in `call'
  actionpack (2.3.0) lib/action_controller/rack_ext/lock.rb:15:in `call'
  actionpack (2.3.0) lib/action_controller/rack_ext/lock.rb:15:in `synchronize'
  actionpack (2.3.0) lib/action_controller/rack_ext/lock.rb:15:in `call'
  actionpack (2.3.0) lib/action_controller/dispatcher.rb:83:in `call'
  rails (2.3.0) lib/rails/rack/static.rb:27:in `call'
  rails (2.3.0) lib/rails/rack/log_tailer.rb:17:in `call'
  rails (2.3.0) lib/commands/server.rb:100

Rendered rescues/_trace (64.0ms)
Rendered rescues/_request_and_response (1.0ms)
Rendering rescues/layout (internal_server_error)
  [4;36;1mSQL (0.0ms)[0m   [0;1mSET NAMES 'utf8'[0m
  [4;35;1mSQL (0.0ms)[0m   [0mSET SQL_AUTO_IS_NULL=0[0m


Processing ApplicationController#new (for 127.0.0.1 at 2009-03-23 15:39:01) [GET]

NameError (uninitialized constant SessionController):
  activesupport (2.3.0) lib/active_support/dependencies.rb:443:in `load_missing_constant'
  activesupport (2.3.0) lib/active_support/dependencies.rb:80:in `const_missing'
  activesupport (2.3.0) lib/active_support/dependencies.rb:92:in `const_missing'
  activesupport (2.3.0) lib/active_support/inflector.rb:359:in `constantize'
  activesupport (2.3.0) lib/active_support/inflector.rb:358:in `each'
  activesupport (2.3.0) lib/active_support/inflector.rb:358:in `constantize'
  activesupport (2.3.0) lib/active_support/core_ext/string/inflections.rb:162:in `constantize'
  actionpack (2.3.0) lib/action_controller/routing/route_set.rb:439:in `recognize'
  actionpack (2.3.0) lib/action_controller/routing/route_set.rb:432:in `call'
  actionpack (2.3.0) lib/action_controller/dispatcher.rb:65:in `dispatch'
  actionpack (2.3.0) lib/action_controller/dispatcher.rb:88:in `_call'
  actionpack (2.3.0) lib/action_controller/dispatcher.rb:59:in `initialize'
  activerecord (2.3.0) lib/active_record/query_cache.rb:29:in `call'
  activerecord (2.3.0) lib/active_record/query_cache.rb:29:in `call'
  activerecord (2.3.0) lib/active_record/connection_adapters/abstract/query_cache.rb:34:in `cache'
  activerecord (2.3.0) lib/active_record/query_cache.rb:9:in `cache'
  activerecord (2.3.0) lib/active_record/query_cache.rb:28:in `call'
  actionpack (2.3.0) lib/action_controller/params_parser.rb:15:in `call'
  actionpack (2.3.0) lib/action_controller/rewindable_input.rb:25:in `call'
  actionpack (2.3.0) lib/action_controller/session/cookie_store.rb:93:in `call'
  actionpack (2.3.0) lib/action_controller/failsafe.rb:11:in `call'
  actionpack (2.3.0) lib/action_controller/rack_ext/lock.rb:15:in `call'
  actionpack (2.3.0) lib/action_controller/rack_ext/lock.rb:15:in `synchronize'
  actionpack (2.3.0) lib/action_controller/rack_ext/lock.rb:15:in `call'
  actionpack (2.3.0) lib/action_controller/dispatcher.rb:83:in `call'
  rails (2.3.0) lib/rails/rack/static.rb:27:in `call'
  rails (2.3.0) lib/rails/rack/log_tailer.rb:17:in `call'
  rails (2.3.0) lib/commands/server.rb:100

Rendered rescues/_trace (63.0ms)
Rendered rescues/_request_and_response (0.0ms)
Rendering rescues/layout (internal_server_error)
  [4;36;1mSQL (0.0ms)[0m   [0;1mSET NAMES 'utf8'[0m
  [4;35;1mSQL (1.0ms)[0m   [0mSET SQL_AUTO_IS_NULL=0[0m


Processing ApplicationController#new (for 127.0.0.1 at 2009-03-23 15:39:37) [GET]

NameError (uninitialized constant SessionController):
  activesupport (2.3.0) lib/active_support/dependencies.rb:443:in `load_missing_constant'
  activesupport (2.3.0) lib/active_support/dependencies.rb:80:in `const_missing'
  activesupport (2.3.0) lib/active_support/dependencies.rb:92:in `const_missing'
  activesupport (2.3.0) lib/active_support/inflector.rb:359:in `constantize'
  activesupport (2.3.0) lib/active_support/inflector.rb:358:in `each'
  activesupport (2.3.0) lib/active_support/inflector.rb:358:in `constantize'
  activesupport (2.3.0) lib/active_support/core_ext/string/inflections.rb:162:in `constantize'
  actionpack (2.3.0) lib/action_controller/routing/route_set.rb:439:in `recognize'
  actionpack (2.3.0) lib/action_controller/routing/route_set.rb:432:in `call'
  actionpack (2.3.0) lib/action_controller/dispatcher.rb:65:in `dispatch'
  actionpack (2.3.0) lib/action_controller/dispatcher.rb:88:in `_call'
  actionpack (2.3.0) lib/action_controller/dispatcher.rb:59:in `initialize'
  activerecord (2.3.0) lib/active_record/query_cache.rb:29:in `call'
  activerecord (2.3.0) lib/active_record/query_cache.rb:29:in `call'
  activerecord (2.3.0) lib/active_record/connection_adapters/abstract/query_cache.rb:34:in `cache'
  activerecord (2.3.0) lib/active_record/query_cache.rb:9:in `cache'
  activerecord (2.3.0) lib/active_record/query_cache.rb:28:in `call'
  actionpack (2.3.0) lib/action_controller/params_parser.rb:15:in `call'
  actionpack (2.3.0) lib/action_controller/rewindable_input.rb:25:in `call'
  actionpack (2.3.0) lib/action_controller/session/cookie_store.rb:93:in `call'
  actionpack (2.3.0) lib/action_controller/failsafe.rb:11:in `call'
  actionpack (2.3.0) lib/action_controller/rack_ext/lock.rb:15:in `call'
  actionpack (2.3.0) lib/action_controller/rack_ext/lock.rb:15:in `synchronize'
  actionpack (2.3.0) lib/action_controller/rack_ext/lock.rb:15:in `call'
  actionpack (2.3.0) lib/action_controller/dispatcher.rb:83:in `call'
  rails (2.3.0) lib/rails/rack/static.rb:27:in `call'
  rails (2.3.0) lib/rails/rack/log_tailer.rb:17:in `call'
  rails (2.3.0) lib/commands/server.rb:100

Rendered rescues/_trace (63.0ms)
Rendered rescues/_request_and_response (1.0ms)
Rendering rescues/layout (internal_server_error)
  [4;36;1mSQL (1.0ms)[0m   [0;1mSET NAMES 'utf8'[0m
  [4;35;1mSQL (1.0ms)[0m   [0mSET SQL_AUTO_IS_NULL=0[0m


Processing ApplicationController#new (for 127.0.0.1 at 2009-03-23 15:41:01) [GET]

NameError (uninitialized constant SessionController):
  activesupport (2.3.0) lib/active_support/dependencies.rb:443:in `load_missing_constant'
  activesupport (2.3.0) lib/active_support/dependencies.rb:80:in `const_missing'
  activesupport (2.3.0) lib/active_support/dependencies.rb:92:in `const_missing'
  activesupport (2.3.0) lib/active_support/inflector.rb:359:in `constantize'
  activesupport (2.3.0) lib/active_support/inflector.rb:358:in `each'
  activesupport (2.3.0) lib/active_support/inflector.rb:358:in `constantize'
  activesupport (2.3.0) lib/active_support/core_ext/string/inflections.rb:162:in `constantize'
  actionpack (2.3.0) lib/action_controller/routing/route_set.rb:439:in `recognize'
  actionpack (2.3.0) lib/action_controller/routing/route_set.rb:432:in `call'
  actionpack (2.3.0) lib/action_controller/dispatcher.rb:65:in `dispatch'
  actionpack (2.3.0) lib/action_controller/dispatcher.rb:88:in `_call'
  actionpack (2.3.0) lib/action_controller/dispatcher.rb:59:in `initialize'
  activerecord (2.3.0) lib/active_record/query_cache.rb:29:in `call'
  activerecord (2.3.0) lib/active_record/query_cache.rb:29:in `call'
  activerecord (2.3.0) lib/active_record/connection_adapters/abstract/query_cache.rb:34:in `cache'
  activerecord (2.3.0) lib/active_record/query_cache.rb:9:in `cache'
  activerecord (2.3.0) lib/active_record/query_cache.rb:28:in `call'
  actionpack (2.3.0) lib/action_controller/params_parser.rb:15:in `call'
  actionpack (2.3.0) lib/action_controller/rewindable_input.rb:25:in `call'
  actionpack (2.3.0) lib/action_controller/session/cookie_store.rb:93:in `call'
  actionpack (2.3.0) lib/action_controller/failsafe.rb:11:in `call'
  actionpack (2.3.0) lib/action_controller/rack_ext/lock.rb:15:in `call'
  actionpack (2.3.0) lib/action_controller/rack_ext/lock.rb:15:in `synchronize'
  actionpack (2.3.0) lib/action_controller/rack_ext/lock.rb:15:in `call'
  actionpack (2.3.0) lib/action_controller/dispatcher.rb:83:in `call'
  rails (2.3.0) lib/rails/rack/static.rb:27:in `call'
  rails (2.3.0) lib/rails/rack/log_tailer.rb:17:in `call'
  rails (2.3.0) lib/commands/server.rb:100

Rendered rescues/_trace (71.0ms)
Rendered rescues/_request_and_response (1.0ms)
Rendering rescues/layout (internal_server_error)
  [4;36;1mSQL (1.0ms)[0m   [0;1mSET NAMES 'utf8'[0m
  [4;35;1mSQL (0.0ms)[0m   [0mSET SQL_AUTO_IS_NULL=0[0m


Processing ApplicationController#new (for 127.0.0.1 at 2009-03-23 15:41:05) [GET]

NameError (uninitialized constant SessionController):
  activesupport (2.3.0) lib/active_support/dependencies.rb:443:in `load_missing_constant'
  activesupport (2.3.0) lib/active_support/dependencies.rb:80:in `const_missing'
  activesupport (2.3.0) lib/active_support/dependencies.rb:92:in `const_missing'
  activesupport (2.3.0) lib/active_support/inflector.rb:359:in `constantize'
  activesupport (2.3.0) lib/active_support/inflector.rb:358:in `each'
  activesupport (2.3.0) lib/active_support/inflector.rb:358:in `constantize'
  activesupport (2.3.0) lib/active_support/core_ext/string/inflections.rb:162:in `constantize'
  actionpack (2.3.0) lib/action_controller/routing/route_set.rb:439:in `recognize'
  actionpack (2.3.0) lib/action_controller/routing/route_set.rb:432:in `call'
  actionpack (2.3.0) lib/action_controller/dispatcher.rb:65:in `dispatch'
  actionpack (2.3.0) lib/action_controller/dispatcher.rb:88:in `_call'
  actionpack (2.3.0) lib/action_controller/dispatcher.rb:59:in `initialize'
  activerecord (2.3.0) lib/active_record/query_cache.rb:29:in `call'
  activerecord (2.3.0) lib/active_record/query_cache.rb:29:in `call'
  activerecord (2.3.0) lib/active_record/connection_adapters/abstract/query_cache.rb:34:in `cache'
  activerecord (2.3.0) lib/active_record/query_cache.rb:9:in `cache'
  activerecord (2.3.0) lib/active_record/query_cache.rb:28:in `call'
  actionpack (2.3.0) lib/action_controller/params_parser.rb:15:in `call'
  actionpack (2.3.0) lib/action_controller/rewindable_input.rb:25:in `call'
  actionpack (2.3.0) lib/action_controller/session/cookie_store.rb:93:in `call'
  actionpack (2.3.0) lib/action_controller/failsafe.rb:11:in `call'
  actionpack (2.3.0) lib/action_controller/rack_ext/lock.rb:15:in `call'
  actionpack (2.3.0) lib/action_controller/rack_ext/lock.rb:15:in `synchronize'
  actionpack (2.3.0) lib/action_controller/rack_ext/lock.rb:15:in `call'
  actionpack (2.3.0) lib/action_controller/dispatcher.rb:83:in `call'
  rails (2.3.0) lib/rails/rack/static.rb:27:in `call'
  rails (2.3.0) lib/rails/rack/log_tailer.rb:17:in `call'
  rails (2.3.0) lib/commands/server.rb:100

Rendered rescues/_trace (64.0ms)
Rendered rescues/_request_and_response (1.0ms)
Rendering rescues/layout (internal_server_error)
  [4;36;1mSQL (0.0ms)[0m   [0;1mSET NAMES 'utf8'[0m
  [4;35;1mSQL (0.0ms)[0m   [0mSET SQL_AUTO_IS_NULL=0[0m


Processing SessionsController#new (for 127.0.0.1 at 2009-03-23 15:42:07) [GET]
Rendering sessions/new

ActionView::TemplateError (undefined local variable or method `session_path' for #<ActionView::Base:0x38b1ad4>) on line #3 of app/views/sessions/new.html.erb:
1: <h1>Log In</h1>
2: 
3: <% form_tag session_path do -%>
4: <p><%= label_tag 'login' %><br />
5: <%= text_field_tag 'login', @login %></p>
6: 

    app/views/sessions/new.html.erb:3
    actionpack (2.3.0) lib/action_view/renderable.rb:35:in `send'
    actionpack (2.3.0) lib/action_view/renderable.rb:35:in `render'
    actionpack (2.3.0) lib/action_view/template.rb:182:in `render_template'
    actionpack (2.3.0) lib/action_view/base.rb:247:in `render'
    actionpack (2.3.0) lib/action_controller/base.rb:1180:in `render_for_file'
    actionpack (2.3.0) lib/action_controller/base.rb:906:in `render_without_benchmark'
    actionpack (2.3.0) lib/action_controller/benchmarking.rb:51:in `render'
    actionpack (2.3.0) lib/action_controller/benchmarking.rb:51:in `render'
    actionpack (2.3.0) lib/action_controller/base.rb:1256:in `default_render'
    actionpack (2.3.0) lib/action_controller/base.rb:1262:in `perform_action_without_filters'
    actionpack (2.3.0) lib/action_controller/filters.rb:617:in `call_filters'
    actionpack (2.3.0) lib/action_controller/filters.rb:610:in `perform_action_without_benchmark'
    actionpack (2.3.0) lib/action_controller/benchmarking.rb:68:in `perform_action_without_rescue'
    actionpack (2.3.0) lib/action_controller/benchmarking.rb:68:in `perform_action_without_rescue'
    actionpack (2.3.0) lib/action_controller/rescue.rb:154:in `perform_action_without_flash'
    actionpack (2.3.0) lib/action_controller/flash.rb:141:in `perform_action'
    actionpack (2.3.0) lib/action_controller/base.rb:523:in `send'
    actionpack (2.3.0) lib/action_controller/base.rb:523:in `process_without_filters'
    actionpack (2.3.0) lib/action_controller/filters.rb:606:in `process'
    actionpack (2.3.0) lib/action_controller/base.rb:391:in `process'
    actionpack (2.3.0) lib/action_controller/base.rb:386:in `call'
    actionpack (2.3.0) lib/action_controller/routing/route_set.rb:433:in `call'
    actionpack (2.3.0) lib/action_controller/dispatcher.rb:65:in `dispatch'
    actionpack (2.3.0) lib/action_controller/dispatcher.rb:88:in `_call'
    actionpack (2.3.0) lib/action_controller/dispatcher.rb:59:in `initialize'
    activerecord (2.3.0) lib/active_record/query_cache.rb:29:in `call'
    activerecord (2.3.0) lib/active_record/query_cache.rb:29:in `call'
    activerecord (2.3.0) lib/active_record/connection_adapters/abstract/query_cache.rb:34:in `cache'
    activerecord (2.3.0) lib/active_record/query_cache.rb:9:in `cache'
    activerecord (2.3.0) lib/active_record/query_cache.rb:28:in `call'
    actionpack (2.3.0) lib/action_controller/params_parser.rb:15:in `call'
    actionpack (2.3.0) lib/action_controller/rewindable_input.rb:25:in `call'
    actionpack (2.3.0) lib/action_controller/session/cookie_store.rb:93:in `call'
    actionpack (2.3.0) lib/action_controller/failsafe.rb:11:in `call'
    actionpack (2.3.0) lib/action_controller/rack_ext/lock.rb:15:in `call'
    actionpack (2.3.0) lib/action_controller/rack_ext/lock.rb:15:in `synchronize'
    actionpack (2.3.0) lib/action_controller/rack_ext/lock.rb:15:in `call'
    actionpack (2.3.0) lib/action_controller/dispatcher.rb:83:in `call'
    rails (2.3.0) lib/rails/rack/static.rb:27:in `call'
    rails (2.3.0) lib/rails/rack/log_tailer.rb:17:in `call'
    rails (2.3.0) lib/commands/server.rb:100

Rendered rescues/_trace (93.0ms)
Rendered rescues/_request_and_response (1.0ms)
Rendering rescues/layout (internal_server_error)
  [4;36;1mSQL (0.0ms)[0m   [0;1mSET NAMES 'utf8'[0m
  [4;35;1mSQL (0.0ms)[0m   [0mSET SQL_AUTO_IS_NULL=0[0m


Processing SessionsController#new (for 127.0.0.1 at 2009-03-23 15:44:05) [GET]
Rendering sessions/new
Completed in 961ms (View: 957, DB: 0) | 200 OK [http://localhost/]
  [4;36;1mSQL (0.0ms)[0m   [0;1mSET NAMES 'utf8'[0m
  [4;35;1mSQL (0.0ms)[0m   [0mSET SQL_AUTO_IS_NULL=0[0m


Processing SessionsController#create (for 127.0.0.1 at 2009-03-23 15:44:15) [POST]
  Parameters: {"commit"=>"Log in", "authenticity_token"=>"5mg0DJBnvwAFrvZX5VYt/IZL3mRzLfESUcMXU/t1qSk=", "login"=>"superadmin", "password"=>"shree123"}
  [4;36;1mUser Columns (4.0ms)[0m   [0;1mSHOW FIELDS FROM `users`[0m
  [4;35;1mUser Load (1.0ms)[0m   [0mSELECT * FROM `users` WHERE (`users`.`login` = 'superadmin') LIMIT 1[0m
  [4;36;1mSQL (0.0ms)[0m   [0;1mBEGIN[0m
  [4;35;1mSQL (0.0ms)[0m   [0mCOMMIT[0m
Redirected to /dashboard
Completed in 82ms (DB: 5) | 302 Found [http://localhost/session]
  [4;36;1mSQL (1.0ms)[0m   [0;1mSET NAMES 'utf8'[0m
  [4;35;1mSQL (0.0ms)[0m   [0mSET SQL_AUTO_IS_NULL=0[0m


Processing DashboardController#index (for 127.0.0.1 at 2009-03-23 15:44:16) [GET]
Rendering dashboard/index
Completed in 66ms (View: 58, DB: 1) | 200 OK [http://localhost/dashboard]
  [4;36;1mSQL (0.0ms)[0m   [0;1mSET NAMES 'utf8'[0m
  [4;35;1mSQL (1.0ms)[0m   [0mSET SQL_AUTO_IS_NULL=0[0m


Processing SessionsController#show (for 127.0.0.1 at 2009-03-23 15:44:20) [GET]

ActionController::UnknownAction (No action responded to show. Actions: create, destroy, and new):
  actionpack (2.3.0) lib/action_controller/filters.rb:617:in `call_filters'
  actionpack (2.3.0) lib/action_controller/filters.rb:610:in `perform_action_without_benchmark'
  actionpack (2.3.0) lib/action_controller/benchmarking.rb:68:in `perform_action_without_rescue'
  actionpack (2.3.0) lib/action_controller/benchmarking.rb:68:in `perform_action_without_rescue'
  actionpack (2.3.0) lib/action_controller/rescue.rb:154:in `perform_action_without_flash'
  actionpack (2.3.0) lib/action_controller/flash.rb:141:in `perform_action'
  actionpack (2.3.0) lib/action_controller/base.rb:523:in `send'
  actionpack (2.3.0) lib/action_controller/base.rb:523:in `process_without_filters'
  actionpack (2.3.0) lib/action_controller/filters.rb:606:in `process'
  actionpack (2.3.0) lib/action_controller/base.rb:391:in `process'
  actionpack (2.3.0) lib/action_controller/base.rb:386:in `call'
  actionpack (2.3.0) lib/action_controller/routing/route_set.rb:433:in `call'
  actionpack (2.3.0) lib/action_controller/dispatcher.rb:65:in `dispatch'
  actionpack (2.3.0) lib/action_controller/dispatcher.rb:88:in `_call'
  actionpack (2.3.0) lib/action_controller/dispatcher.rb:59:in `initialize'
  activerecord (2.3.0) lib/active_record/query_cache.rb:29:in `call'
  activerecord (2.3.0) lib/active_record/query_cache.rb:29:in `call'
  activerecord (2.3.0) lib/active_record/connection_adapters/abstract/query_cache.rb:34:in `cache'
  activerecord (2.3.0) lib/active_record/query_cache.rb:9:in `cache'
  activerecord (2.3.0) lib/active_record/query_cache.rb:28:in `call'
  actionpack (2.3.0) lib/action_controller/params_parser.rb:15:in `call'
  actionpack (2.3.0) lib/action_controller/rewindable_input.rb:25:in `call'
  actionpack (2.3.0) lib/action_controller/session/cookie_store.rb:93:in `call'
  actionpack (2.3.0) lib/action_controller/failsafe.rb:11:in `call'
  actionpack (2.3.0) lib/action_controller/rack_ext/lock.rb:15:in `call'
  actionpack (2.3.0) lib/action_controller/rack_ext/lock.rb:15:in `synchronize'
  actionpack (2.3.0) lib/action_controller/rack_ext/lock.rb:15:in `call'
  actionpack (2.3.0) lib/action_controller/dispatcher.rb:83:in `call'
  rails (2.3.0) lib/rails/rack/static.rb:27:in `call'
  rails (2.3.0) lib/rails/rack/log_tailer.rb:17:in `call'
  rails (2.3.0) lib/commands/server.rb:100

Rendering rescues/layout (not_found)
  [4;36;1mSQL (0.0ms)[0m   [0;1mSET NAMES 'utf8'[0m
  [4;35;1mSQL (0.0ms)[0m   [0mSET SQL_AUTO_IS_NULL=0[0m


Processing DashboardController#index (for 127.0.0.1 at 2009-03-23 15:45:30) [GET]
Rendering dashboard/index
Completed in 28ms (View: 24, DB: 0) | 200 OK [http://localhost/dashboard]
  [4;36;1mSQL (0.0ms)[0m   [0;1mSET NAMES 'utf8'[0m
  [4;35;1mSQL (0.0ms)[0m   [0mSET SQL_AUTO_IS_NULL=0[0m


Processing DashboardController#/logout (for 127.0.0.1 at 2009-03-23 15:45:34) [GET]

ActionController::UnknownAction (No action responded to /logout. Actions: index):
  actionpack (2.3.0) lib/action_controller/filters.rb:617:in `call_filters'
  actionpack (2.3.0) lib/action_controller/filters.rb:610:in `perform_action_without_benchmark'
  actionpack (2.3.0) lib/action_controller/benchmarking.rb:68:in `perform_action_without_rescue'
  actionpack (2.3.0) lib/action_controller/benchmarking.rb:68:in `perform_action_without_rescue'
  actionpack (2.3.0) lib/action_controller/rescue.rb:154:in `perform_action_without_flash'
  actionpack (2.3.0) lib/action_controller/flash.rb:141:in `perform_action'
  actionpack (2.3.0) lib/action_controller/base.rb:523:in `send'
  actionpack (2.3.0) lib/action_controller/base.rb:523:in `process_without_filters'
  actionpack (2.3.0) lib/action_controller/filters.rb:606:in `process'
  actionpack (2.3.0) lib/action_controller/base.rb:391:in `process'
  actionpack (2.3.0) lib/action_controller/base.rb:386:in `call'
  actionpack (2.3.0) lib/action_controller/routing/route_set.rb:433:in `call'
  actionpack (2.3.0) lib/action_controller/dispatcher.rb:65:in `dispatch'
  actionpack (2.3.0) lib/action_controller/dispatcher.rb:88:in `_call'
  actionpack (2.3.0) lib/action_controller/dispatcher.rb:59:in `initialize'
  activerecord (2.3.0) lib/active_record/query_cache.rb:29:in `call'
  activerecord (2.3.0) lib/active_record/query_cache.rb:29:in `call'
  activerecord (2.3.0) lib/active_record/connection_adapters/abstract/query_cache.rb:34:in `cache'
  activerecord (2.3.0) lib/active_record/query_cache.rb:9:in `cache'
  activerecord (2.3.0) lib/active_record/query_cache.rb:28:in `call'
  actionpack (2.3.0) lib/action_controller/params_parser.rb:15:in `call'
  actionpack (2.3.0) lib/action_controller/rewindable_input.rb:25:in `call'
  actionpack (2.3.0) lib/action_controller/session/cookie_store.rb:93:in `call'
  actionpack (2.3.0) lib/action_controller/failsafe.rb:11:in `call'
  actionpack (2.3.0) lib/action_controller/rack_ext/lock.rb:15:in `call'
  actionpack (2.3.0) lib/action_controller/rack_ext/lock.rb:15:in `synchronize'
  actionpack (2.3.0) lib/action_controller/rack_ext/lock.rb:15:in `call'
  actionpack (2.3.0) lib/action_controller/dispatcher.rb:83:in `call'
  rails (2.3.0) lib/rails/rack/static.rb:27:in `call'
  rails (2.3.0) lib/rails/rack/log_tailer.rb:17:in `call'
  rails (2.3.0) lib/commands/server.rb:100

Rendering rescues/layout (not_found)
  [4;36;1mSQL (1.0ms)[0m   [0;1mSET NAMES 'utf8'[0m
  [4;35;1mSQL (0.0ms)[0m   [0mSET SQL_AUTO_IS_NULL=0[0m


Processing DashboardController#index (for 127.0.0.1 at 2009-03-23 15:45:53) [GET]
Rendering dashboard/index
Completed in 50ms (View: 42, DB: 1) | 200 OK [http://localhost/dashboard]
  [4;36;1mSQL (1.0ms)[0m   [0;1mSET NAMES 'utf8'[0m
  [4;35;1mSQL (0.0ms)[0m   [0mSET SQL_AUTO_IS_NULL=0[0m


Processing DashboardController#index (for 127.0.0.1 at 2009-03-23 15:47:05) [GET]
Rendering dashboard/index
Completed in 65ms (View: 58, DB: 1) | 200 OK [http://localhost/dashboard]
  [4;36;1mSQL (1.0ms)[0m   [0;1mSET NAMES 'utf8'[0m
  [4;35;1mSQL (1.0ms)[0m   [0mSET SQL_AUTO_IS_NULL=0[0m


Processing DashboardController#index (for 127.0.0.1 at 2009-03-23 15:48:07) [GET]
Rendering dashboard/index
Completed in 35ms (View: 31, DB: 2) | 200 OK [http://localhost/dashboard]
  [4;36;1mSQL (0.0ms)[0m   [0;1mSET NAMES 'utf8'[0m
  [4;35;1mSQL (0.0ms)[0m   [0mSET SQL_AUTO_IS_NULL=0[0m


Processing SessionsController#destroy (for 127.0.0.1 at 2009-03-23 15:48:11) [GET]
Redirected to /
Completed in 60ms (DB: 0) | 302 Found [http://localhost/logout]
  [4;36;1mSQL (0.0ms)[0m   [0;1mSET NAMES 'utf8'[0m
  [4;35;1mSQL (0.0ms)[0m   [0mSET SQL_AUTO_IS_NULL=0[0m


Processing SessionsController#new (for 127.0.0.1 at 2009-03-23 15:48:12) [GET]
Rendering sessions/new
Completed in 44ms (View: 35, DB: 0) | 200 OK [http://localhost/]
